time=2024-01-25T18:28:11.229+01:00 level=DEBUG source=logger.go:50 msg=Starting
time=2024-01-25T18:28:11.231+01:00 level=DEBUG source=logger.go:50 msg="Files in directory: ../../../data/10_bank_customers.txt, ../../../data/11_bank_customers.txt, ../../../data/12_bank_customers.txt, ../../../data/13_bank_customers.txt, ../../../data/14_bank_customers.txt, ../../../data/15_bank_customers.txt, ../../../data/16_bank_customers.txt, ../../../data/17_bank_customers.txt, ../../../data/18_bank_customers.txt, ../../../data/19_bank_customers.txt, ../../../data/1_bank_customers.txt, ../../../data/20_bank_customers.txt, ../../../data/2_bank_customers.txt, ../../../data/3_bank_customers.txt, ../../../data/4_bank_customers.txt, ../../../data/5_bank_customers.txt, ../../../data/6_bank_customers.txt, ../../../data/7_bank_customers.txt, ../../../data/8_bank_customers.txt, ../../../data/9_bank_customers.txt"
time=2024-01-25T18:28:12.235+01:00 level=DEBUG source=logger.go:50 msg="Received address localhost:50061 from worker with ID 1"
time=2024-01-25T18:28:12.235+01:00 level=DEBUG source=logger.go:50 msg="Received heartbeat from worker with ID 1"
time=2024-01-25T18:28:12.235+01:00 level=DEBUG source=logger.go:50 msg="Connected with client server at localhost:50061"
time=2024-01-25T18:28:12.235+01:00 level=DEBUG source=logger.go:50 msg="Assigned address localhost:50061 to worker with ID 1"
time=2024-01-25T18:28:13.240+01:00 level=DEBUG source=logger.go:50 msg="Received address localhost:50062 from worker with ID 2"
time=2024-01-25T18:28:13.240+01:00 level=DEBUG source=logger.go:50 msg="Received heartbeat from worker with ID 2"
time=2024-01-25T18:28:13.241+01:00 level=DEBUG source=logger.go:50 msg="Connected with client server at localhost:50062"
time=2024-01-25T18:28:13.241+01:00 level=DEBUG source=logger.go:50 msg="Assigned address localhost:50062 to worker with ID 2"
time=2024-01-25T18:28:13.241+01:00 level=DEBUG source=logger.go:50 msg="Starting Map phase with 2 workers"
time=2024-01-25T18:28:15.273+01:00 level=DEBUG source=logger.go:50 msg="Map task for file 2 finished"
time=2024-01-25T18:28:15.322+01:00 level=DEBUG source=logger.go:50 msg="Map task for file 1 finished"
time=2024-01-25T18:28:15.322+01:00 level=DEBUG source=logger.go:50 msg="Files in directory: ../worker/intermediate-files/Intermediate-file-1, ../worker/intermediate-files/Intermediate-file-2"
time=2024-01-25T18:28:15.322+01:00 level=DEBUG source=logger.go:50 msg="Starting Reduce phase with 2 workers"
time=2024-01-25T18:28:15.322+01:00 level=DEBUG source=logger.go:50 msg="Intermediate files: ../worker/intermediate-files/Intermediate-file-1, ../worker/intermediate-files/Intermediate-file-2"
time=2024-01-25T18:28:15.322+01:00 level=DEBUG source=logger.go:50 msg="Intermediate files: ../worker/intermediate-files/Intermediate-file-1, ../worker/intermediate-files/Intermediate-file-2"
time=2024-01-25T18:28:17.237+01:00 level=DEBUG source=logger.go:50 msg="Received heartbeat from worker with ID 1"
time=2024-01-25T18:28:18.242+01:00 level=DEBUG source=logger.go:50 msg="Received heartbeat from worker with ID 2"
time=2024-01-25T18:28:22.236+01:00 level=DEBUG source=logger.go:50 msg="Received heartbeat from worker with ID 1"
time=2024-01-25T18:28:23.242+01:00 level=DEBUG source=logger.go:50 msg="Received heartbeat from worker with ID 2"
time=2024-01-25T18:28:27.236+01:00 level=DEBUG source=logger.go:50 msg="Received heartbeat from worker with ID 1"
time=2024-01-25T18:28:28.242+01:00 level=DEBUG source=logger.go:50 msg="Received heartbeat from worker with ID 2"
