time=2024-01-22T16:03:23.109+01:00 level=DEBUG source=logger.go:36 msg=Starting
time=2024-01-22T16:03:23.109+01:00 level=DEBUG source=logger.go:36 msg="Connected with master server at localhost:50051"
time=2024-01-22T16:03:23.115+01:00 level=DEBUG source=logger.go:36 msg="Master assigned map-task /home/tim/Schreibtisch/Studium/WiSe2324/project-ds-PatrickMi/data/7_bank_customers.txt, /home/tim/Schreibtisch/Studium/WiSe2324/project-ds-PatrickMi/data/8_bank_customers.txt, /home/tim/Schreibtisch/Studium/WiSe2324/project-ds-PatrickMi/data/9_bank_customers.txt to me."
time=2024-01-22T16:03:23.116+01:00 level=DEBUG source=logger.go:36 msg="Mapping filenames:\"/home/tim/Schreibtisch/Studium/WiSe2324/project-ds-PatrickMi/data/7_bank_customers.txt\" filenames:\"/home/tim/Schreibtisch/Studium/WiSe2324/project-ds-PatrickMi/data/8_bank_customers.txt\" filenames:\"/home/tim/Schreibtisch/Studium/WiSe2324/project-ds-PatrickMi/data/9_bank_customers.txt\""
time=2024-01-22T16:03:23.969+01:00 level=DEBUG source=logger.go:36 msg="Finished dummy map task"
time=2024-01-22T16:03:24.168+01:00 level=DEBUG source=logger.go:36 msg="Master assigned reduce-task /home/tim/Schreibtisch/Studium/WiSe2324/project-ds-PatrickMi/data/7_bank_customers.txt, /home/tim/Schreibtisch/Studium/WiSe2324/project-ds-PatrickMi/data/8_bank_customers.txt, /home/tim/Schreibtisch/Studium/WiSe2324/project-ds-PatrickMi/data/9_bank_customers.txt to me."
time=2024-01-22T16:03:24.804+01:00 level=DEBUG source=logger.go:36 msg="Sending current tree entry of ah2638vhfn6420ms Evelyn Edwards 100.37"
time=2024-01-22T16:03:24.805+01:00 level=DEBUG source=logger.go:36 msg="Worker with ID 3 selected!"
time=2024-01-22T16:03:24.806+01:00 level=DEBUG source=logger.go:36 msg="Worker with ID 3 selected!"
time=2024-01-22T16:03:24.808+01:00 level=DEBUG source=logger.go:36 msg="Worker with ID 3 selected!"
time=2024-01-22T16:03:24.809+01:00 level=DEBUG source=logger.go:36 msg="Worker with ID 3 selected!"
time=2024-01-22T16:03:24.817+01:00 level=DEBUG source=logger.go:36 msg="Worker with ID 3 selected!"
time=2024-01-22T16:03:24.818+01:00 level=DEBUG source=logger.go:36 msg="Worker with ID 3 selected!"
time=2024-01-22T16:03:24.819+01:00 level=DEBUG source=logger.go:36 msg="Worker with ID 3 selected!"
time=2024-01-22T16:03:24.820+01:00 level=DEBUG source=logger.go:36 msg="Worker with ID 3 selected!"
time=2024-01-22T16:03:24.822+01:00 level=DEBUG source=logger.go:36 msg="Worker with ID 3 selected!"
time=2024-01-22T16:03:24.822+01:00 level=DEBUG source=logger.go:36 msg="Worker with ID 3 selected!"
time=2024-01-22T16:03:24.823+01:00 level=DEBUG source=logger.go:36 msg="Worker with ID 3 selected!"
time=2024-01-22T16:03:24.825+01:00 level=DEBUG source=logger.go:36 msg="Worker with ID 3 selected!"
time=2024-01-22T16:03:24.829+01:00 level=DEBUG source=logger.go:36 msg="Worker with ID 3 selected!"
time=2024-01-22T16:03:24.832+01:00 level=DEBUG source=logger.go:36 msg="Worker with ID 3 selected!"
time=2024-01-22T16:03:24.835+01:00 level=DEBUG source=logger.go:36 msg="Worker with ID 3 selected!"
time=2024-01-22T16:03:24.838+01:00 level=DEBUG source=logger.go:36 msg="Worker with ID 3 selected!"
time=2024-01-22T16:03:24.839+01:00 level=DEBUG source=logger.go:36 msg="Worker with ID 3 selected!"
time=2024-01-22T16:03:24.843+01:00 level=DEBUG source=logger.go:36 msg="Worker with ID 3 selected!"
time=2024-01-22T16:03:24.846+01:00 level=DEBUG source=logger.go:36 msg="Worker with ID 3 selected!"
time=2024-01-22T16:03:24.848+01:00 level=DEBUG source=logger.go:36 msg="Worker with ID 3 selected!"
time=2024-01-22T16:03:24.850+01:00 level=DEBUG source=logger.go:36 msg="Worker with ID 3 selected!"
time=2024-01-22T16:03:24.851+01:00 level=DEBUG source=logger.go:36 msg="Worker with ID 3 selected!"
time=2024-01-22T16:03:24.853+01:00 level=DEBUG source=logger.go:36 msg="Worker with ID 3 selected!"
time=2024-01-22T16:03:24.855+01:00 level=DEBUG source=logger.go:36 msg="Worker with ID 3 selected!"
time=2024-01-22T16:03:24.860+01:00 level=DEBUG source=logger.go:36 msg="Worker with ID 3 selected!"
time=2024-01-22T16:03:24.861+01:00 level=DEBUG source=logger.go:36 msg="Worker with ID 3 selected!"
time=2024-01-22T16:03:24.864+01:00 level=DEBUG source=logger.go:36 msg="Worker with ID 3 selected!"
time=2024-01-22T16:03:24.868+01:00 level=DEBUG source=logger.go:36 msg="Worker with ID 3 selected!"
time=2024-01-22T16:03:24.871+01:00 level=DEBUG source=logger.go:36 msg="Worker with ID 3 selected!"
time=2024-01-22T16:03:24.876+01:00 level=DEBUG source=logger.go:36 msg="Worker with ID 3 selected!"
time=2024-01-22T16:03:24.876+01:00 level=DEBUG source=logger.go:36 msg="Worker with ID 3 selected!"
time=2024-01-22T16:03:24.881+01:00 level=DEBUG source=logger.go:36 msg="Worker with ID 3 selected!"
time=2024-01-22T16:03:24.890+01:00 level=DEBUG source=logger.go:36 msg="Worker with ID 3 selected!"
time=2024-01-22T16:03:24.891+01:00 level=DEBUG source=logger.go:36 msg="Worker with ID 3 selected!"
time=2024-01-22T16:03:24.892+01:00 level=DEBUG source=logger.go:36 msg="Worker with ID 3 selected!"
time=2024-01-22T16:03:24.894+01:00 level=DEBUG source=logger.go:36 msg="Worker with ID 3 selected!"
time=2024-01-22T16:03:24.895+01:00 level=DEBUG source=logger.go:36 msg="Worker with ID 3 selected!"
time=2024-01-22T16:03:24.896+01:00 level=DEBUG source=logger.go:36 msg="Worker with ID 3 selected!"
time=2024-01-22T16:03:24.898+01:00 level=DEBUG source=logger.go:36 msg="Worker with ID 3 selected!"
time=2024-01-22T16:03:24.900+01:00 level=DEBUG source=logger.go:36 msg="Worker with ID 3 selected!"
time=2024-01-22T16:03:24.903+01:00 level=DEBUG source=logger.go:36 msg="Worker with ID 3 selected!"
time=2024-01-22T16:03:24.904+01:00 level=DEBUG source=logger.go:36 msg="Worker with ID 3 selected!"
time=2024-01-22T16:03:24.906+01:00 level=DEBUG source=logger.go:36 msg="Worker with ID 3 selected!"
time=2024-01-22T16:03:24.907+01:00 level=DEBUG source=logger.go:36 msg="Worker with ID 3 selected!"
time=2024-01-22T16:03:24.915+01:00 level=DEBUG source=logger.go:36 msg="Worker with ID 3 selected!"
time=2024-01-22T16:03:24.918+01:00 level=DEBUG source=logger.go:36 msg="Worker with ID 3 selected!"
time=2024-01-22T16:03:24.923+01:00 level=DEBUG source=logger.go:36 msg="Worker with ID 3 selected!"
time=2024-01-22T16:03:24.927+01:00 level=DEBUG source=logger.go:36 msg="Worker with ID 3 selected!"
time=2024-01-22T16:03:24.928+01:00 level=DEBUG source=logger.go:36 msg="Worker with ID 3 selected!"
time=2024-01-22T16:03:24.931+01:00 level=DEBUG source=logger.go:36 msg="Worker with ID 3 selected!"
time=2024-01-22T16:03:24.934+01:00 level=DEBUG source=logger.go:36 msg="Worker with ID 3 selected!"
time=2024-01-22T16:03:24.936+01:00 level=DEBUG source=logger.go:36 msg="Worker with ID 3 selected!"
time=2024-01-22T16:03:24.942+01:00 level=DEBUG source=logger.go:36 msg="Worker with ID 3 selected!"
time=2024-01-22T16:03:24.950+01:00 level=DEBUG source=logger.go:36 msg="Worker with ID 3 selected!"
time=2024-01-22T16:03:24.953+01:00 level=DEBUG source=logger.go:36 msg="Worker with ID 3 selected!"
time=2024-01-22T16:03:24.954+01:00 level=DEBUG source=logger.go:36 msg="Worker with ID 3 selected!"
time=2024-01-22T16:03:24.955+01:00 level=DEBUG source=logger.go:36 msg="Worker with ID 3 selected!"
time=2024-01-22T16:03:24.957+01:00 level=DEBUG source=logger.go:36 msg="Worker with ID 3 selected!"
time=2024-01-22T16:03:24.961+01:00 level=DEBUG source=logger.go:36 msg="Worker with ID 3 selected!"
time=2024-01-22T16:03:24.964+01:00 level=DEBUG source=logger.go:36 msg="Worker with ID 3 selected!"
time=2024-01-22T16:03:24.968+01:00 level=DEBUG source=logger.go:36 msg="Worker with ID 3 selected!"
time=2024-01-22T16:03:24.969+01:00 level=DEBUG source=logger.go:36 msg="Worker with ID 3 selected!"
time=2024-01-22T16:03:24.972+01:00 level=DEBUG source=logger.go:36 msg="Worker with ID 3 selected!"
time=2024-01-22T16:03:24.976+01:00 level=DEBUG source=logger.go:36 msg="Worker with ID 3 selected!"
time=2024-01-22T16:03:24.982+01:00 level=DEBUG source=logger.go:36 msg="Worker with ID 3 selected!"
time=2024-01-22T16:03:24.991+01:00 level=DEBUG source=logger.go:36 msg="Worker with ID 3 selected!"
time=2024-01-22T16:03:24.992+01:00 level=DEBUG source=logger.go:36 msg="Worker with ID 3 selected!"
time=2024-01-22T16:03:24.994+01:00 level=DEBUG source=logger.go:36 msg="Worker with ID 3 selected!"
time=2024-01-22T16:03:24.995+01:00 level=DEBUG source=logger.go:36 msg="Worker with ID 3 selected!"
time=2024-01-22T16:03:24.997+01:00 level=DEBUG source=logger.go:36 msg="Worker with ID 3 selected!"
time=2024-01-22T16:03:24.999+01:00 level=DEBUG source=logger.go:36 msg="Worker with ID 3 selected!"
time=2024-01-22T16:03:25.000+01:00 level=DEBUG source=logger.go:36 msg="Worker with ID 3 selected!"
time=2024-01-22T16:03:25.002+01:00 level=DEBUG source=logger.go:36 msg="Worker with ID 3 selected!"
time=2024-01-22T16:03:25.002+01:00 level=DEBUG source=logger.go:36 msg="Worker with ID 3 selected!"
time=2024-01-22T16:03:25.004+01:00 level=DEBUG source=logger.go:36 msg="Worker with ID 3 selected!"
time=2024-01-22T16:03:25.006+01:00 level=DEBUG source=logger.go:36 msg="Worker with ID 3 selected!"
time=2024-01-22T16:03:25.006+01:00 level=DEBUG source=logger.go:36 msg="Worker with ID 3 selected!"
time=2024-01-22T16:03:25.012+01:00 level=DEBUG source=logger.go:36 msg="Worker with ID 3 selected!"
time=2024-01-22T16:03:25.013+01:00 level=DEBUG source=logger.go:36 msg="Worker with ID 3 selected!"
time=2024-01-22T16:03:25.015+01:00 level=DEBUG source=logger.go:36 msg="Worker with ID 3 selected!"
time=2024-01-22T16:03:25.015+01:00 level=DEBUG source=logger.go:36 msg="Worker with ID 3 selected!"
time=2024-01-22T16:03:25.017+01:00 level=DEBUG source=logger.go:36 msg="Worker with ID 3 selected!"
time=2024-01-22T16:03:25.018+01:00 level=DEBUG source=logger.go:36 msg="Worker with ID 3 selected!"
time=2024-01-22T16:03:25.027+01:00 level=DEBUG source=logger.go:36 msg="Worker with ID 3 selected!"
time=2024-01-22T16:03:25.028+01:00 level=DEBUG source=logger.go:36 msg="Worker with ID 3 selected!"
time=2024-01-22T16:03:25.029+01:00 level=DEBUG source=logger.go:36 msg="Worker with ID 3 selected!"
time=2024-01-22T16:03:25.033+01:00 level=DEBUG source=logger.go:36 msg="Worker with ID 3 selected!"
time=2024-01-22T16:03:25.033+01:00 level=DEBUG source=logger.go:36 msg="Worker with ID 3 selected!"
time=2024-01-22T16:03:25.041+01:00 level=DEBUG source=logger.go:36 msg="Worker with ID 3 selected!"
time=2024-01-22T16:03:25.046+01:00 level=DEBUG source=logger.go:36 msg="Worker with ID 3 selected!"
time=2024-01-22T16:03:25.047+01:00 level=DEBUG source=logger.go:36 msg="Worker with ID 3 selected!"
time=2024-01-22T16:03:25.049+01:00 level=DEBUG source=logger.go:36 msg="Worker with ID 3 selected!"
time=2024-01-22T16:03:25.050+01:00 level=DEBUG source=logger.go:36 msg="Worker with ID 3 selected!"
time=2024-01-22T16:03:25.052+01:00 level=DEBUG source=logger.go:36 msg="Worker with ID 3 selected!"
time=2024-01-22T16:03:25.053+01:00 level=DEBUG source=logger.go:36 msg="Worker with ID 3 selected!"
time=2024-01-22T16:03:25.057+01:00 level=DEBUG source=logger.go:36 msg="Worker with ID 3 selected!"
time=2024-01-22T16:03:25.061+01:00 level=DEBUG source=logger.go:36 msg="Worker with ID 3 selected!"
time=2024-01-22T16:03:25.062+01:00 level=DEBUG source=logger.go:36 msg="Worker with ID 3 selected!"
time=2024-01-22T16:03:25.065+01:00 level=DEBUG source=logger.go:36 msg="Worker with ID 3 selected!"
time=2024-01-22T16:03:25.069+01:00 level=DEBUG source=logger.go:36 msg="Worker with ID 3 selected!"
time=2024-01-22T16:03:25.071+01:00 level=DEBUG source=logger.go:36 msg="Worker with ID 3 selected!"
time=2024-01-22T16:03:25.072+01:00 level=DEBUG source=logger.go:36 msg="Worker with ID 3 selected!"
time=2024-01-22T16:03:25.080+01:00 level=DEBUG source=logger.go:36 msg="Worker with ID 3 selected!"
time=2024-01-22T16:03:25.085+01:00 level=DEBUG source=logger.go:36 msg="Worker with ID 3 selected!"
time=2024-01-22T16:03:25.087+01:00 level=DEBUG source=logger.go:36 msg="Worker with ID 3 selected!"
time=2024-01-22T16:03:25.088+01:00 level=DEBUG source=logger.go:36 msg="Worker with ID 3 selected!"
time=2024-01-22T16:03:25.091+01:00 level=DEBUG source=logger.go:36 msg="Worker with ID 3 selected!"
time=2024-01-22T16:03:25.092+01:00 level=DEBUG source=logger.go:36 msg="Worker with ID 3 selected!"
time=2024-01-22T16:03:25.100+01:00 level=DEBUG source=logger.go:36 msg="Worker with ID 3 selected!"
time=2024-01-22T16:03:25.104+01:00 level=DEBUG source=logger.go:36 msg="Worker with ID 3 selected!"
time=2024-01-22T16:03:25.105+01:00 level=DEBUG source=logger.go:36 msg="Worker with ID 3 selected!"
time=2024-01-22T16:03:25.108+01:00 level=DEBUG source=logger.go:36 msg="Worker with ID 3 selected!"
time=2024-01-22T16:03:25.111+01:00 level=DEBUG source=logger.go:36 msg="Worker with ID 3 selected!"
time=2024-01-22T16:03:25.113+01:00 level=DEBUG source=logger.go:36 msg="Worker with ID 3 selected!"
time=2024-01-22T16:03:25.114+01:00 level=DEBUG source=logger.go:36 msg="Worker with ID 3 selected!"
time=2024-01-22T16:03:25.116+01:00 level=DEBUG source=logger.go:36 msg="Worker with ID 3 selected!"
time=2024-01-22T16:03:25.117+01:00 level=DEBUG source=logger.go:36 msg="Worker with ID 3 selected!"
time=2024-01-22T16:03:25.123+01:00 level=DEBUG source=logger.go:36 msg="Worker with ID 3 selected!"
time=2024-01-22T16:03:25.126+01:00 level=DEBUG source=logger.go:36 msg="Worker with ID 3 selected!"
time=2024-01-22T16:03:25.132+01:00 level=DEBUG source=logger.go:36 msg="Worker with ID 3 selected!"
time=2024-01-22T16:03:25.146+01:00 level=DEBUG source=logger.go:36 msg="Worker with ID 3 selected!"
time=2024-01-22T16:03:25.147+01:00 level=DEBUG source=logger.go:36 msg="Worker with ID 3 selected!"
time=2024-01-22T16:03:25.150+01:00 level=DEBUG source=logger.go:36 msg="Worker with ID 3 selected!"
time=2024-01-22T16:03:25.151+01:00 level=DEBUG source=logger.go:36 msg="Worker with ID 3 selected!"
time=2024-01-22T16:03:25.152+01:00 level=DEBUG source=logger.go:36 msg="Worker with ID 3 selected!"
time=2024-01-22T16:03:25.152+01:00 level=DEBUG source=logger.go:36 msg="Worker with ID 3 selected!"
time=2024-01-22T16:03:25.156+01:00 level=DEBUG source=logger.go:36 msg="Worker with ID 3 selected!"
time=2024-01-22T16:03:25.156+01:00 level=DEBUG source=logger.go:36 msg="Worker with ID 3 selected!"
time=2024-01-22T16:03:25.162+01:00 level=DEBUG source=logger.go:36 msg="Worker with ID 3 selected!"
time=2024-01-22T16:03:25.167+01:00 level=DEBUG source=logger.go:36 msg="Worker with ID 3 selected!"
time=2024-01-22T16:03:25.171+01:00 level=DEBUG source=logger.go:36 msg="Worker with ID 3 selected!"
time=2024-01-22T16:03:25.174+01:00 level=DEBUG source=logger.go:36 msg="Worker with ID 3 selected!"
time=2024-01-22T16:03:25.183+01:00 level=DEBUG source=logger.go:36 msg="Worker with ID 3 selected!"
time=2024-01-22T16:03:25.184+01:00 level=DEBUG source=logger.go:36 msg="Worker with ID 3 selected!"
time=2024-01-22T16:03:25.184+01:00 level=DEBUG source=logger.go:36 msg="Worker with ID 3 selected!"
time=2024-01-22T16:03:25.185+01:00 level=DEBUG source=logger.go:36 msg="Worker with ID 3 selected!"
time=2024-01-22T16:03:25.186+01:00 level=DEBUG source=logger.go:36 msg="Worker with ID 3 selected!"
time=2024-01-22T16:03:25.186+01:00 level=DEBUG source=logger.go:36 msg="Worker with ID 3 selected!"
time=2024-01-22T16:03:25.197+01:00 level=DEBUG source=logger.go:36 msg="Worker with ID 3 selected!"
time=2024-01-22T16:03:25.200+01:00 level=DEBUG source=logger.go:36 msg="Worker with ID 3 selected!"
time=2024-01-22T16:03:25.202+01:00 level=DEBUG source=logger.go:36 msg="Worker with ID 3 selected!"
time=2024-01-22T16:03:25.205+01:00 level=DEBUG source=logger.go:36 msg="Worker with ID 3 selected!"
time=2024-01-22T16:03:25.209+01:00 level=DEBUG source=logger.go:36 msg="Worker with ID 3 selected!"
time=2024-01-22T16:03:25.210+01:00 level=DEBUG source=logger.go:36 msg="Worker with ID 3 selected!"
time=2024-01-22T16:03:25.211+01:00 level=DEBUG source=logger.go:36 msg="Worker with ID 3 selected!"
time=2024-01-22T16:03:25.213+01:00 level=DEBUG source=logger.go:36 msg="Worker with ID 3 selected!"
time=2024-01-22T16:03:25.214+01:00 level=DEBUG source=logger.go:36 msg="Worker with ID 3 selected!"
time=2024-01-22T16:03:25.214+01:00 level=DEBUG source=logger.go:36 msg="Worker with ID 3 selected!"
time=2024-01-22T16:03:25.215+01:00 level=DEBUG source=logger.go:36 msg="Worker with ID 3 selected!"
time=2024-01-22T16:03:25.217+01:00 level=DEBUG source=logger.go:36 msg="Worker with ID 3 selected!"
time=2024-01-22T16:03:25.222+01:00 level=DEBUG source=logger.go:36 msg="Worker with ID 3 selected!"
time=2024-01-22T16:03:25.225+01:00 level=DEBUG source=logger.go:36 msg="Worker with ID 3 selected!"
time=2024-01-22T16:03:25.226+01:00 level=DEBUG source=logger.go:36 msg="Worker with ID 3 selected!"
time=2024-01-22T16:03:25.234+01:00 level=DEBUG source=logger.go:36 msg="Worker with ID 3 selected!"
time=2024-01-22T16:03:25.245+01:00 level=DEBUG source=logger.go:36 msg="Worker with ID 3 selected!"
time=2024-01-22T16:03:25.246+01:00 level=DEBUG source=logger.go:36 msg="Worker with ID 3 selected!"
time=2024-01-22T16:03:25.255+01:00 level=DEBUG source=logger.go:36 msg="Worker with ID 3 selected!"
time=2024-01-22T16:03:25.259+01:00 level=DEBUG source=logger.go:36 msg="Worker with ID 3 selected!"
time=2024-01-22T16:03:25.260+01:00 level=DEBUG source=logger.go:36 msg="Worker with ID 3 selected!"
time=2024-01-22T16:03:25.278+01:00 level=DEBUG source=logger.go:36 msg="Worker with ID 3 selected!"
time=2024-01-22T16:03:25.280+01:00 level=DEBUG source=logger.go:36 msg="Worker with ID 3 selected!"
time=2024-01-22T16:03:25.281+01:00 level=DEBUG source=logger.go:36 msg="Worker with ID 3 selected!"
time=2024-01-22T16:03:25.283+01:00 level=DEBUG source=logger.go:36 msg="Worker with ID 3 selected!"
time=2024-01-22T16:03:25.284+01:00 level=DEBUG source=logger.go:36 msg="Worker with ID 3 selected!"
time=2024-01-22T16:03:25.289+01:00 level=DEBUG source=logger.go:36 msg="Worker with ID 3 selected!"
time=2024-01-22T16:03:25.292+01:00 level=DEBUG source=logger.go:36 msg="Worker with ID 3 selected!"
time=2024-01-22T16:03:25.294+01:00 level=DEBUG source=logger.go:36 msg="Worker with ID 3 selected!"
time=2024-01-22T16:03:25.296+01:00 level=DEBUG source=logger.go:36 msg="Worker with ID 3 selected!"
time=2024-01-22T16:03:25.300+01:00 level=DEBUG source=logger.go:36 msg="Worker with ID 3 selected!"
time=2024-01-22T16:03:25.301+01:00 level=DEBUG source=logger.go:36 msg="Worker with ID 3 selected!"
time=2024-01-22T16:03:25.307+01:00 level=DEBUG source=logger.go:36 msg="Worker with ID 3 selected!"
time=2024-01-22T16:03:25.309+01:00 level=DEBUG source=logger.go:36 msg="Worker with ID 3 selected!"
time=2024-01-22T16:03:25.311+01:00 level=DEBUG source=logger.go:36 msg="Worker with ID 3 selected!"
time=2024-01-22T16:03:25.320+01:00 level=DEBUG source=logger.go:36 msg="Worker with ID 3 selected!"
time=2024-01-22T16:03:25.324+01:00 level=DEBUG source=logger.go:36 msg="Worker with ID 3 selected!"
time=2024-01-22T16:03:25.325+01:00 level=DEBUG source=logger.go:36 msg="Worker with ID 3 selected!"
time=2024-01-22T16:03:25.326+01:00 level=DEBUG source=logger.go:36 msg="Worker with ID 3 selected!"
time=2024-01-22T16:03:25.329+01:00 level=DEBUG source=logger.go:36 msg="Worker with ID 3 selected!"
time=2024-01-22T16:03:25.332+01:00 level=DEBUG source=logger.go:36 msg="Worker with ID 3 selected!"
time=2024-01-22T16:03:25.335+01:00 level=DEBUG source=logger.go:36 msg="Worker with ID 3 selected!"
time=2024-01-22T16:03:25.342+01:00 level=DEBUG source=logger.go:36 msg="Worker with ID 3 selected!"
time=2024-01-22T16:03:25.343+01:00 level=DEBUG source=logger.go:36 msg="Worker with ID 3 selected!"
time=2024-01-22T16:03:25.345+01:00 level=DEBUG source=logger.go:36 msg="Worker with ID 3 selected!"
time=2024-01-22T16:03:25.350+01:00 level=DEBUG source=logger.go:36 msg="Worker with ID 3 selected!"
time=2024-01-22T16:03:25.353+01:00 level=DEBUG source=logger.go:36 msg="Worker with ID 3 selected!"
time=2024-01-22T16:03:25.356+01:00 level=DEBUG source=logger.go:36 msg="Worker with ID 3 selected!"
time=2024-01-22T16:03:25.359+01:00 level=DEBUG source=logger.go:36 msg="Worker with ID 3 selected!"
time=2024-01-22T16:03:25.361+01:00 level=DEBUG source=logger.go:36 msg="Worker with ID 3 selected!"
time=2024-01-22T16:03:25.364+01:00 level=DEBUG source=logger.go:36 msg="Worker with ID 3 selected!"
time=2024-01-22T16:03:25.365+01:00 level=DEBUG source=logger.go:36 msg="Worker with ID 3 selected!"
time=2024-01-22T16:03:25.369+01:00 level=DEBUG source=logger.go:36 msg="Worker with ID 3 selected!"
time=2024-01-22T16:03:25.370+01:00 level=DEBUG source=logger.go:36 msg="Worker with ID 3 selected!"
time=2024-01-22T16:03:25.374+01:00 level=DEBUG source=logger.go:36 msg="Worker with ID 3 selected!"
time=2024-01-22T16:03:25.378+01:00 level=DEBUG source=logger.go:36 msg="Worker with ID 3 selected!"
time=2024-01-22T16:03:25.379+01:00 level=DEBUG source=logger.go:36 msg="Worker with ID 3 selected!"
time=2024-01-22T16:03:25.380+01:00 level=DEBUG source=logger.go:36 msg="Worker with ID 3 selected!"
time=2024-01-22T16:03:25.381+01:00 level=DEBUG source=logger.go:36 msg="Worker with ID 3 selected!"
time=2024-01-22T16:03:25.385+01:00 level=DEBUG source=logger.go:36 msg="Worker with ID 3 selected!"
time=2024-01-22T16:03:25.386+01:00 level=DEBUG source=logger.go:36 msg="Worker with ID 3 selected!"
time=2024-01-22T16:03:25.387+01:00 level=DEBUG source=logger.go:36 msg="Worker with ID 3 selected!"
time=2024-01-22T16:03:25.388+01:00 level=DEBUG source=logger.go:36 msg="Worker with ID 3 selected!"
time=2024-01-22T16:03:25.392+01:00 level=DEBUG source=logger.go:36 msg="Worker with ID 3 selected!"
time=2024-01-22T16:03:25.396+01:00 level=DEBUG source=logger.go:36 msg="Worker with ID 3 selected!"
time=2024-01-22T16:03:25.401+01:00 level=DEBUG source=logger.go:36 msg="Worker with ID 3 selected!"
time=2024-01-22T16:03:25.403+01:00 level=DEBUG source=logger.go:36 msg="Worker with ID 3 selected!"
time=2024-01-22T16:03:25.404+01:00 level=DEBUG source=logger.go:36 msg="Worker with ID 3 selected!"
time=2024-01-22T16:03:25.408+01:00 level=DEBUG source=logger.go:36 msg="Worker with ID 3 selected!"
time=2024-01-22T16:03:25.409+01:00 level=DEBUG source=logger.go:36 msg="Worker with ID 3 selected!"
time=2024-01-22T16:03:25.410+01:00 level=DEBUG source=logger.go:36 msg="Worker with ID 3 selected!"
time=2024-01-22T16:03:25.410+01:00 level=DEBUG source=logger.go:36 msg="Worker with ID 3 selected!"
time=2024-01-22T16:03:25.414+01:00 level=DEBUG source=logger.go:36 msg="Worker with ID 3 selected!"
time=2024-01-22T16:03:25.418+01:00 level=DEBUG source=logger.go:36 msg="Worker with ID 3 selected!"
time=2024-01-22T16:03:25.423+01:00 level=DEBUG source=logger.go:36 msg="Worker with ID 3 selected!"
time=2024-01-22T16:03:25.429+01:00 level=DEBUG source=logger.go:36 msg="Worker with ID 3 selected!"
time=2024-01-22T16:03:25.435+01:00 level=DEBUG source=logger.go:36 msg="Worker with ID 3 selected!"
time=2024-01-22T16:03:25.439+01:00 level=DEBUG source=logger.go:36 msg="Worker with ID 3 selected!"
time=2024-01-22T16:03:25.441+01:00 level=DEBUG source=logger.go:36 msg="Worker with ID 3 selected!"
time=2024-01-22T16:03:25.442+01:00 level=DEBUG source=logger.go:36 msg="Worker with ID 3 selected!"
time=2024-01-22T16:03:25.445+01:00 level=DEBUG source=logger.go:36 msg="Worker with ID 3 selected!"
time=2024-01-22T16:03:25.447+01:00 level=DEBUG source=logger.go:36 msg="Worker with ID 3 selected!"
time=2024-01-22T16:03:25.448+01:00 level=DEBUG source=logger.go:36 msg="Worker with ID 3 selected!"
time=2024-01-22T16:03:25.455+01:00 level=DEBUG source=logger.go:36 msg="Worker with ID 3 selected!"
time=2024-01-22T16:03:25.457+01:00 level=DEBUG source=logger.go:36 msg="Worker with ID 3 selected!"
time=2024-01-22T16:03:25.459+01:00 level=DEBUG source=logger.go:36 msg="Worker with ID 3 selected!"
time=2024-01-22T16:03:25.462+01:00 level=DEBUG source=logger.go:36 msg="Worker with ID 3 selected!"
time=2024-01-22T16:03:25.463+01:00 level=DEBUG source=logger.go:36 msg="Worker with ID 3 selected!"
time=2024-01-22T16:03:25.465+01:00 level=DEBUG source=logger.go:36 msg="Worker with ID 3 selected!"
time=2024-01-22T16:03:25.470+01:00 level=DEBUG source=logger.go:36 msg="Worker with ID 3 selected!"
time=2024-01-22T16:03:25.472+01:00 level=DEBUG source=logger.go:36 msg="Worker with ID 3 selected!"
time=2024-01-22T16:03:25.478+01:00 level=DEBUG source=logger.go:36 msg="Worker with ID 3 selected!"
time=2024-01-22T16:03:25.478+01:00 level=DEBUG source=logger.go:36 msg="Worker with ID 3 selected!"
time=2024-01-22T16:03:25.479+01:00 level=DEBUG source=logger.go:36 msg="Worker with ID 3 selected!"
time=2024-01-22T16:03:25.484+01:00 level=DEBUG source=logger.go:36 msg="Worker with ID 3 selected!"
time=2024-01-22T16:03:25.488+01:00 level=DEBUG source=logger.go:36 msg="Worker with ID 3 selected!"
time=2024-01-22T16:03:25.489+01:00 level=DEBUG source=logger.go:36 msg="Worker with ID 3 selected!"
time=2024-01-22T16:03:25.491+01:00 level=DEBUG source=logger.go:36 msg="Worker with ID 3 selected!"
time=2024-01-22T16:03:25.495+01:00 level=DEBUG source=logger.go:36 msg="Worker with ID 3 selected!"
time=2024-01-22T16:03:25.503+01:00 level=DEBUG source=logger.go:36 msg="Worker with ID 3 selected!"
time=2024-01-22T16:03:25.506+01:00 level=DEBUG source=logger.go:36 msg="Worker with ID 3 selected!"
time=2024-01-22T16:03:25.508+01:00 level=DEBUG source=logger.go:36 msg="Worker with ID 3 selected!"
time=2024-01-22T16:03:25.510+01:00 level=DEBUG source=logger.go:36 msg="Worker with ID 3 selected!"
time=2024-01-22T16:03:25.514+01:00 level=DEBUG source=logger.go:36 msg="Worker with ID 3 selected!"
time=2024-01-22T16:03:25.516+01:00 level=DEBUG source=logger.go:36 msg="Worker with ID 3 selected!"
time=2024-01-22T16:03:25.519+01:00 level=DEBUG source=logger.go:36 msg="Worker with ID 3 selected!"
time=2024-01-22T16:03:25.521+01:00 level=DEBUG source=logger.go:36 msg="Worker with ID 3 selected!"
time=2024-01-22T16:03:25.522+01:00 level=DEBUG source=logger.go:36 msg="Worker with ID 3 selected!"
time=2024-01-22T16:03:25.528+01:00 level=DEBUG source=logger.go:36 msg="Worker with ID 3 selected!"
time=2024-01-22T16:03:25.530+01:00 level=DEBUG source=logger.go:36 msg="Worker with ID 3 selected!"
time=2024-01-22T16:03:25.532+01:00 level=DEBUG source=logger.go:36 msg="Worker with ID 3 selected!"
time=2024-01-22T16:03:25.533+01:00 level=DEBUG source=logger.go:36 msg="Worker with ID 3 selected!"
time=2024-01-22T16:03:25.536+01:00 level=DEBUG source=logger.go:36 msg="Worker with ID 3 selected!"
time=2024-01-22T16:03:25.537+01:00 level=DEBUG source=logger.go:36 msg="Worker with ID 3 selected!"
time=2024-01-22T16:03:25.539+01:00 level=DEBUG source=logger.go:36 msg="Worker with ID 3 selected!"
time=2024-01-22T16:03:25.544+01:00 level=DEBUG source=logger.go:36 msg="Worker with ID 3 selected!"
time=2024-01-22T16:03:25.547+01:00 level=DEBUG source=logger.go:36 msg="Worker with ID 3 selected!"
time=2024-01-22T16:03:25.552+01:00 level=DEBUG source=logger.go:36 msg="Worker with ID 3 selected!"
time=2024-01-22T16:03:25.552+01:00 level=DEBUG source=logger.go:36 msg="Worker with ID 3 selected!"
time=2024-01-22T16:03:25.553+01:00 level=DEBUG source=logger.go:36 msg="Worker with ID 3 selected!"
time=2024-01-22T16:03:25.555+01:00 level=DEBUG source=logger.go:36 msg="Worker with ID 3 selected!"
time=2024-01-22T16:03:25.560+01:00 level=DEBUG source=logger.go:36 msg="Worker with ID 3 selected!"
time=2024-01-22T16:03:25.561+01:00 level=DEBUG source=logger.go:36 msg="Worker with ID 3 selected!"
time=2024-01-22T16:03:25.562+01:00 level=DEBUG source=logger.go:36 msg="Worker with ID 3 selected!"
time=2024-01-22T16:03:25.563+01:00 level=DEBUG source=logger.go:36 msg="Worker with ID 3 selected!"
time=2024-01-22T16:03:25.570+01:00 level=DEBUG source=logger.go:36 msg="Worker with ID 3 selected!"
time=2024-01-22T16:03:25.571+01:00 level=DEBUG source=logger.go:36 msg="Worker with ID 3 selected!"
time=2024-01-22T16:03:25.578+01:00 level=DEBUG source=logger.go:36 msg="Worker with ID 3 selected!"
time=2024-01-22T16:03:25.579+01:00 level=DEBUG source=logger.go:36 msg="Worker with ID 3 selected!"
time=2024-01-22T16:03:25.580+01:00 level=DEBUG source=logger.go:36 msg="Worker with ID 3 selected!"
time=2024-01-22T16:03:25.582+01:00 level=DEBUG source=logger.go:36 msg="Worker with ID 3 selected!"
time=2024-01-22T16:03:25.585+01:00 level=DEBUG source=logger.go:36 msg="Worker with ID 3 selected!"
time=2024-01-22T16:03:25.587+01:00 level=DEBUG source=logger.go:36 msg="Worker with ID 3 selected!"
time=2024-01-22T16:03:25.590+01:00 level=DEBUG source=logger.go:36 msg="Worker with ID 3 selected!"
time=2024-01-22T16:03:25.591+01:00 level=DEBUG source=logger.go:36 msg="Worker with ID 3 selected!"
time=2024-01-22T16:03:25.593+01:00 level=DEBUG source=logger.go:36 msg="Worker with ID 3 selected!"
time=2024-01-22T16:03:25.594+01:00 level=DEBUG source=logger.go:36 msg="Worker with ID 3 selected!"
time=2024-01-22T16:03:25.596+01:00 level=DEBUG source=logger.go:36 msg="Worker with ID 3 selected!"
time=2024-01-22T16:03:25.599+01:00 level=DEBUG source=logger.go:36 msg="Worker with ID 3 selected!"
time=2024-01-22T16:03:25.600+01:00 level=DEBUG source=logger.go:36 msg="Worker with ID 3 selected!"
time=2024-01-22T16:03:25.600+01:00 level=DEBUG source=logger.go:36 msg="Worker with ID 3 selected!"
time=2024-01-22T16:03:25.603+01:00 level=DEBUG source=logger.go:36 msg="Worker with ID 3 selected!"
time=2024-01-22T16:03:25.605+01:00 level=DEBUG source=logger.go:36 msg="Worker with ID 3 selected!"
time=2024-01-22T16:03:25.606+01:00 level=DEBUG source=logger.go:36 msg="Worker with ID 3 selected!"
time=2024-01-22T16:03:25.606+01:00 level=DEBUG source=logger.go:36 msg="Worker with ID 3 selected!"
time=2024-01-22T16:03:25.608+01:00 level=DEBUG source=logger.go:36 msg="Worker with ID 3 selected!"
time=2024-01-22T16:03:25.611+01:00 level=DEBUG source=logger.go:36 msg="Worker with ID 3 selected!"
time=2024-01-22T16:03:25.616+01:00 level=DEBUG source=logger.go:36 msg="Worker with ID 3 selected!"
time=2024-01-22T16:03:25.618+01:00 level=DEBUG source=logger.go:36 msg="Worker with ID 3 selected!"
time=2024-01-22T16:03:25.619+01:00 level=DEBUG source=logger.go:36 msg="Worker with ID 3 selected!"
time=2024-01-22T16:03:25.621+01:00 level=DEBUG source=logger.go:36 msg="Worker with ID 3 selected!"
time=2024-01-22T16:03:25.622+01:00 level=DEBUG source=logger.go:36 msg="Worker with ID 3 selected!"
time=2024-01-22T16:03:25.623+01:00 level=DEBUG source=logger.go:36 msg="Worker with ID 3 selected!"
time=2024-01-22T16:03:25.625+01:00 level=DEBUG source=logger.go:36 msg="Worker with ID 3 selected!"
time=2024-01-22T16:03:25.626+01:00 level=DEBUG source=logger.go:36 msg="Worker with ID 3 selected!"
time=2024-01-22T16:03:25.629+01:00 level=DEBUG source=logger.go:36 msg="Worker with ID 3 selected!"
time=2024-01-22T16:03:25.629+01:00 level=DEBUG source=logger.go:36 msg="Worker with ID 3 selected!"
time=2024-01-22T16:03:25.630+01:00 level=DEBUG source=logger.go:36 msg="Worker with ID 3 selected!"
time=2024-01-22T16:03:25.639+01:00 level=DEBUG source=logger.go:36 msg="Worker with ID 3 selected!"
time=2024-01-22T16:03:25.642+01:00 level=DEBUG source=logger.go:36 msg="Worker with ID 3 selected!"
time=2024-01-22T16:03:25.642+01:00 level=DEBUG source=logger.go:36 msg="Worker with ID 3 selected!"
time=2024-01-22T16:03:25.643+01:00 level=DEBUG source=logger.go:36 msg="Worker with ID 3 selected!"
time=2024-01-22T16:03:25.646+01:00 level=DEBUG source=logger.go:36 msg="Worker with ID 3 selected!"
time=2024-01-22T16:03:25.647+01:00 level=DEBUG source=logger.go:36 msg="Worker with ID 3 selected!"
time=2024-01-22T16:03:25.648+01:00 level=DEBUG source=logger.go:36 msg="Worker with ID 3 selected!"
time=2024-01-22T16:03:25.650+01:00 level=DEBUG source=logger.go:36 msg="Worker with ID 3 selected!"
time=2024-01-22T16:03:25.658+01:00 level=DEBUG source=logger.go:36 msg="Worker with ID 3 selected!"
time=2024-01-22T16:03:25.659+01:00 level=DEBUG source=logger.go:36 msg="Worker with ID 3 selected!"
time=2024-01-22T16:03:25.661+01:00 level=DEBUG source=logger.go:36 msg="Worker with ID 3 selected!"
time=2024-01-22T16:03:25.663+01:00 level=DEBUG source=logger.go:36 msg="Worker with ID 3 selected!"
time=2024-01-22T16:03:25.666+01:00 level=DEBUG source=logger.go:36 msg="Worker with ID 3 selected!"
time=2024-01-22T16:03:25.667+01:00 level=DEBUG source=logger.go:36 msg="Worker with ID 3 selected!"
time=2024-01-22T16:03:25.667+01:00 level=DEBUG source=logger.go:36 msg="Worker with ID 3 selected!"
time=2024-01-22T16:03:25.669+01:00 level=DEBUG source=logger.go:36 msg="Worker with ID 3 selected!"
time=2024-01-22T16:03:25.678+01:00 level=DEBUG source=logger.go:36 msg="Worker with ID 3 selected!"
time=2024-01-22T16:03:25.682+01:00 level=DEBUG source=logger.go:36 msg="Worker with ID 3 selected!"
time=2024-01-22T16:03:25.685+01:00 level=DEBUG source=logger.go:36 msg="Worker with ID 3 selected!"
time=2024-01-22T16:03:25.691+01:00 level=DEBUG source=logger.go:36 msg="Worker with ID 3 selected!"
time=2024-01-22T16:03:25.693+01:00 level=DEBUG source=logger.go:36 msg="Worker with ID 3 selected!"
time=2024-01-22T16:03:25.694+01:00 level=DEBUG source=logger.go:36 msg="Worker with ID 3 selected!"
time=2024-01-22T16:03:25.695+01:00 level=DEBUG source=logger.go:36 msg="Worker with ID 3 selected!"
time=2024-01-22T16:03:25.696+01:00 level=DEBUG source=logger.go:36 msg="Worker with ID 3 selected!"
time=2024-01-22T16:03:25.700+01:00 level=DEBUG source=logger.go:36 msg="Worker with ID 3 selected!"
time=2024-01-22T16:03:25.705+01:00 level=DEBUG source=logger.go:36 msg="Worker with ID 3 selected!"
time=2024-01-22T16:03:25.709+01:00 level=DEBUG source=logger.go:36 msg="Worker with ID 3 selected!"
time=2024-01-22T16:03:25.709+01:00 level=DEBUG source=logger.go:36 msg="Worker with ID 3 selected!"
time=2024-01-22T16:03:25.723+01:00 level=DEBUG source=logger.go:36 msg="Worker with ID 3 selected!"
time=2024-01-22T16:03:25.723+01:00 level=DEBUG source=logger.go:36 msg="Worker with ID 3 selected!"
time=2024-01-22T16:03:25.726+01:00 level=DEBUG source=logger.go:36 msg="Worker with ID 3 selected!"
time=2024-01-22T16:03:25.728+01:00 level=DEBUG source=logger.go:36 msg="Worker with ID 3 selected!"
time=2024-01-22T16:03:25.728+01:00 level=DEBUG source=logger.go:36 msg="Worker with ID 3 selected!"
time=2024-01-22T16:03:25.730+01:00 level=DEBUG source=logger.go:36 msg="Worker with ID 3 selected!"
time=2024-01-22T16:03:25.730+01:00 level=DEBUG source=logger.go:36 msg="Worker with ID 3 selected!"
time=2024-01-22T16:03:25.731+01:00 level=DEBUG source=logger.go:36 msg="Worker with ID 3 selected!"
time=2024-01-22T16:03:25.732+01:00 level=DEBUG source=logger.go:36 msg="Worker with ID 3 selected!"
time=2024-01-22T16:03:25.733+01:00 level=DEBUG source=logger.go:36 msg="Worker with ID 3 selected!"
time=2024-01-22T16:03:25.734+01:00 level=DEBUG source=logger.go:36 msg="Worker with ID 3 selected!"
time=2024-01-22T16:03:25.735+01:00 level=DEBUG source=logger.go:36 msg="Worker with ID 3 selected!"
time=2024-01-22T16:03:25.737+01:00 level=DEBUG source=logger.go:36 msg="Worker with ID 3 selected!"
time=2024-01-22T16:03:25.740+01:00 level=DEBUG source=logger.go:36 msg="Worker with ID 3 selected!"
time=2024-01-22T16:03:25.743+01:00 level=DEBUG source=logger.go:36 msg="Worker with ID 3 selected!"
time=2024-01-22T16:03:25.744+01:00 level=DEBUG source=logger.go:36 msg="Worker with ID 3 selected!"
time=2024-01-22T16:03:25.744+01:00 level=DEBUG source=logger.go:36 msg="Worker with ID 3 selected!"
time=2024-01-22T16:03:25.745+01:00 level=DEBUG source=logger.go:36 msg="Worker with ID 3 selected!"
time=2024-01-22T16:03:25.748+01:00 level=DEBUG source=logger.go:36 msg="Worker with ID 3 selected!"
time=2024-01-22T16:03:25.750+01:00 level=DEBUG source=logger.go:36 msg="Worker with ID 3 selected!"
time=2024-01-22T16:03:25.751+01:00 level=DEBUG source=logger.go:36 msg="Worker with ID 3 selected!"
time=2024-01-22T16:03:25.753+01:00 level=DEBUG source=logger.go:36 msg="Worker with ID 3 selected!"
time=2024-01-22T16:03:25.755+01:00 level=DEBUG source=logger.go:36 msg="Worker with ID 3 selected!"
time=2024-01-22T16:03:25.756+01:00 level=DEBUG source=logger.go:36 msg="Worker with ID 3 selected!"
time=2024-01-22T16:03:25.758+01:00 level=DEBUG source=logger.go:36 msg="Worker with ID 3 selected!"
time=2024-01-22T16:03:25.760+01:00 level=DEBUG source=logger.go:36 msg="Worker with ID 3 selected!"
time=2024-01-22T16:03:25.765+01:00 level=DEBUG source=logger.go:36 msg="Worker with ID 3 selected!"
time=2024-01-22T16:03:25.769+01:00 level=DEBUG source=logger.go:36 msg="Worker with ID 3 selected!"
time=2024-01-22T16:03:25.781+01:00 level=DEBUG source=logger.go:36 msg="Worker with ID 3 selected!"
time=2024-01-22T16:03:25.782+01:00 level=DEBUG source=logger.go:36 msg="Worker with ID 3 selected!"
time=2024-01-22T16:03:25.784+01:00 level=DEBUG source=logger.go:36 msg="Worker with ID 3 selected!"
time=2024-01-22T16:03:25.784+01:00 level=DEBUG source=logger.go:36 msg="Worker with ID 3 selected!"
time=2024-01-22T16:03:25.791+01:00 level=DEBUG source=logger.go:36 msg="Worker with ID 3 selected!"
time=2024-01-22T16:03:25.792+01:00 level=DEBUG source=logger.go:36 msg="Worker with ID 3 selected!"
time=2024-01-22T16:03:25.800+01:00 level=DEBUG source=logger.go:36 msg="Worker with ID 3 selected!"
time=2024-01-22T16:03:25.802+01:00 level=DEBUG source=logger.go:36 msg="Worker with ID 3 selected!"
time=2024-01-22T16:03:25.803+01:00 level=DEBUG source=logger.go:36 msg="Worker with ID 3 selected!"
time=2024-01-22T16:03:25.806+01:00 level=DEBUG source=logger.go:36 msg="Worker with ID 3 selected!"
time=2024-01-22T16:03:25.811+01:00 level=DEBUG source=logger.go:36 msg="Worker with ID 3 selected!"
time=2024-01-22T16:03:25.817+01:00 level=DEBUG source=logger.go:36 msg="Worker with ID 3 selected!"
time=2024-01-22T16:03:25.821+01:00 level=DEBUG source=logger.go:36 msg="Worker with ID 3 selected!"
time=2024-01-22T16:03:25.823+01:00 level=DEBUG source=logger.go:36 msg="Worker with ID 3 selected!"
time=2024-01-22T16:03:25.824+01:00 level=DEBUG source=logger.go:36 msg="Worker with ID 3 selected!"
time=2024-01-22T16:03:25.824+01:00 level=DEBUG source=logger.go:36 msg="Worker with ID 3 selected!"
time=2024-01-22T16:03:25.825+01:00 level=DEBUG source=logger.go:36 msg="Worker with ID 3 selected!"
time=2024-01-22T16:03:25.828+01:00 level=DEBUG source=logger.go:36 msg="Worker with ID 3 selected!"
time=2024-01-22T16:03:25.834+01:00 level=DEBUG source=logger.go:36 msg="Worker with ID 3 selected!"
time=2024-01-22T16:03:25.837+01:00 level=DEBUG source=logger.go:36 msg="Worker with ID 3 selected!"
time=2024-01-22T16:03:25.838+01:00 level=DEBUG source=logger.go:36 msg="Worker with ID 3 selected!"
time=2024-01-22T16:03:25.840+01:00 level=DEBUG source=logger.go:36 msg="Worker with ID 3 selected!"
time=2024-01-22T16:03:25.841+01:00 level=DEBUG source=logger.go:36 msg="Worker with ID 3 selected!"
time=2024-01-22T16:03:25.843+01:00 level=DEBUG source=logger.go:36 msg="Worker with ID 3 selected!"
time=2024-01-22T16:03:25.843+01:00 level=DEBUG source=logger.go:36 msg="Worker with ID 3 selected!"
time=2024-01-22T16:03:25.846+01:00 level=DEBUG source=logger.go:36 msg="Worker with ID 3 selected!"
time=2024-01-22T16:03:25.848+01:00 level=DEBUG source=logger.go:36 msg="Worker with ID 3 selected!"
time=2024-01-22T16:03:25.848+01:00 level=DEBUG source=logger.go:36 msg="Worker with ID 3 selected!"
time=2024-01-22T16:03:25.852+01:00 level=DEBUG source=logger.go:36 msg="Worker with ID 3 selected!"
time=2024-01-22T16:03:25.853+01:00 level=DEBUG source=logger.go:36 msg="Worker with ID 3 selected!"
time=2024-01-22T16:03:25.855+01:00 level=DEBUG source=logger.go:36 msg="Worker with ID 3 selected!"
time=2024-01-22T16:03:25.858+01:00 level=DEBUG source=logger.go:36 msg="Worker with ID 3 selected!"
time=2024-01-22T16:03:25.859+01:00 level=DEBUG source=logger.go:36 msg="Worker with ID 3 selected!"
time=2024-01-22T16:03:25.860+01:00 level=DEBUG source=logger.go:36 msg="Worker with ID 3 selected!"
time=2024-01-22T16:03:25.861+01:00 level=DEBUG source=logger.go:36 msg="Worker with ID 3 selected!"
time=2024-01-22T16:03:25.864+01:00 level=DEBUG source=logger.go:36 msg="Worker with ID 3 selected!"
time=2024-01-22T16:03:25.866+01:00 level=DEBUG source=logger.go:36 msg="Worker with ID 3 selected!"
time=2024-01-22T16:03:25.867+01:00 level=DEBUG source=logger.go:36 msg="Worker with ID 3 selected!"
time=2024-01-22T16:03:25.868+01:00 level=DEBUG source=logger.go:36 msg="Worker with ID 3 selected!"
time=2024-01-22T16:03:25.870+01:00 level=DEBUG source=logger.go:36 msg="Worker with ID 3 selected!"
time=2024-01-22T16:03:25.873+01:00 level=DEBUG source=logger.go:36 msg="Worker with ID 3 selected!"
time=2024-01-22T16:03:25.877+01:00 level=DEBUG source=logger.go:36 msg="Worker with ID 3 selected!"
time=2024-01-22T16:03:25.880+01:00 level=DEBUG source=logger.go:36 msg="Worker with ID 3 selected!"
time=2024-01-22T16:03:25.884+01:00 level=DEBUG source=logger.go:36 msg="Worker with ID 3 selected!"
time=2024-01-22T16:03:25.885+01:00 level=DEBUG source=logger.go:36 msg="Worker with ID 3 selected!"
time=2024-01-22T16:03:25.889+01:00 level=DEBUG source=logger.go:36 msg="Worker with ID 3 selected!"
time=2024-01-22T16:03:25.892+01:00 level=DEBUG source=logger.go:36 msg="Worker with ID 3 selected!"
time=2024-01-22T16:03:25.897+01:00 level=DEBUG source=logger.go:36 msg="Worker with ID 3 selected!"
time=2024-01-22T16:03:25.898+01:00 level=DEBUG source=logger.go:36 msg="Worker with ID 3 selected!"
time=2024-01-22T16:03:25.900+01:00 level=DEBUG source=logger.go:36 msg="Worker with ID 3 selected!"
time=2024-01-22T16:03:25.901+01:00 level=DEBUG source=logger.go:36 msg="Worker with ID 3 selected!"
time=2024-01-22T16:03:25.901+01:00 level=DEBUG source=logger.go:36 msg="Worker with ID 3 selected!"
time=2024-01-22T16:03:25.902+01:00 level=DEBUG source=logger.go:36 msg="Worker with ID 3 selected!"
time=2024-01-22T16:03:25.902+01:00 level=DEBUG source=logger.go:36 msg="Worker with ID 3 selected!"
time=2024-01-22T16:03:25.906+01:00 level=DEBUG source=logger.go:36 msg="Worker with ID 3 selected!"
time=2024-01-22T16:03:25.907+01:00 level=DEBUG source=logger.go:36 msg="Worker with ID 3 selected!"
time=2024-01-22T16:03:25.908+01:00 level=DEBUG source=logger.go:36 msg="Worker with ID 3 selected!"
time=2024-01-22T16:03:25.909+01:00 level=DEBUG source=logger.go:36 msg="Worker with ID 3 selected!"
time=2024-01-22T16:03:25.911+01:00 level=DEBUG source=logger.go:36 msg="Worker with ID 3 selected!"
time=2024-01-22T16:03:25.913+01:00 level=DEBUG source=logger.go:36 msg="Worker with ID 3 selected!"
time=2024-01-22T16:03:25.914+01:00 level=DEBUG source=logger.go:36 msg="Worker with ID 3 selected!"
time=2024-01-22T16:03:25.917+01:00 level=DEBUG source=logger.go:36 msg="Worker with ID 3 selected!"
time=2024-01-22T16:03:25.925+01:00 level=DEBUG source=logger.go:36 msg="Worker with ID 3 selected!"
time=2024-01-22T16:03:25.926+01:00 level=DEBUG source=logger.go:36 msg="Worker with ID 3 selected!"
time=2024-01-22T16:03:25.927+01:00 level=DEBUG source=logger.go:36 msg="Worker with ID 3 selected!"
time=2024-01-22T16:03:25.929+01:00 level=DEBUG source=logger.go:36 msg="Worker with ID 3 selected!"
time=2024-01-22T16:03:25.935+01:00 level=DEBUG source=logger.go:36 msg="Worker with ID 3 selected!"
time=2024-01-22T16:03:25.936+01:00 level=DEBUG source=logger.go:36 msg="Worker with ID 3 selected!"
time=2024-01-22T16:03:25.942+01:00 level=DEBUG source=logger.go:36 msg="Worker with ID 3 selected!"
time=2024-01-22T16:03:25.943+01:00 level=DEBUG source=logger.go:36 msg="Worker with ID 3 selected!"
time=2024-01-22T16:03:25.946+01:00 level=DEBUG source=logger.go:36 msg="Worker with ID 3 selected!"
time=2024-01-22T16:03:25.948+01:00 level=DEBUG source=logger.go:36 msg="Worker with ID 3 selected!"
time=2024-01-22T16:03:25.950+01:00 level=DEBUG source=logger.go:36 msg="Worker with ID 3 selected!"
time=2024-01-22T16:03:25.951+01:00 level=DEBUG source=logger.go:36 msg="Worker with ID 3 selected!"
time=2024-01-22T16:03:25.952+01:00 level=DEBUG source=logger.go:36 msg="Worker with ID 3 selected!"
time=2024-01-22T16:03:25.961+01:00 level=DEBUG source=logger.go:36 msg="Worker with ID 3 selected!"
time=2024-01-22T16:03:25.963+01:00 level=DEBUG source=logger.go:36 msg="Worker with ID 3 selected!"
time=2024-01-22T16:03:25.964+01:00 level=DEBUG source=logger.go:36 msg="Worker with ID 3 selected!"
time=2024-01-22T16:03:25.966+01:00 level=DEBUG source=logger.go:36 msg="Worker with ID 3 selected!"
time=2024-01-22T16:03:25.969+01:00 level=DEBUG source=logger.go:36 msg="Worker with ID 3 selected!"
time=2024-01-22T16:03:25.969+01:00 level=DEBUG source=logger.go:36 msg="Worker with ID 3 selected!"
time=2024-01-22T16:03:25.974+01:00 level=DEBUG source=logger.go:36 msg="Worker with ID 3 selected!"
time=2024-01-22T16:03:25.978+01:00 level=DEBUG source=logger.go:36 msg="Worker with ID 3 selected!"
time=2024-01-22T16:03:25.979+01:00 level=DEBUG source=logger.go:36 msg="Worker with ID 3 selected!"
time=2024-01-22T16:03:25.982+01:00 level=DEBUG source=logger.go:36 msg="Worker with ID 3 selected!"
time=2024-01-22T16:03:25.983+01:00 level=DEBUG source=logger.go:36 msg="Worker with ID 3 selected!"
time=2024-01-22T16:03:25.984+01:00 level=DEBUG source=logger.go:36 msg="Worker with ID 3 selected!"
time=2024-01-22T16:03:25.987+01:00 level=DEBUG source=logger.go:36 msg="Worker with ID 3 selected!"
time=2024-01-22T16:03:25.991+01:00 level=DEBUG source=logger.go:36 msg="Worker with ID 3 selected!"
time=2024-01-22T16:03:25.995+01:00 level=DEBUG source=logger.go:36 msg="Worker with ID 3 selected!"
time=2024-01-22T16:03:25.995+01:00 level=DEBUG source=logger.go:36 msg="Worker with ID 3 selected!"
time=2024-01-22T16:03:25.997+01:00 level=DEBUG source=logger.go:36 msg="Worker with ID 3 selected!"
time=2024-01-22T16:03:25.998+01:00 level=DEBUG source=logger.go:36 msg="Worker with ID 3 selected!"
time=2024-01-22T16:03:25.999+01:00 level=DEBUG source=logger.go:36 msg="Worker with ID 3 selected!"
time=2024-01-22T16:03:26.000+01:00 level=DEBUG source=logger.go:36 msg="Worker with ID 3 selected!"
time=2024-01-22T16:03:26.002+01:00 level=DEBUG source=logger.go:36 msg="Worker with ID 3 selected!"
time=2024-01-22T16:03:26.006+01:00 level=DEBUG source=logger.go:36 msg="Worker with ID 3 selected!"
time=2024-01-22T16:03:26.010+01:00 level=DEBUG source=logger.go:36 msg="Worker with ID 3 selected!"
time=2024-01-22T16:03:26.015+01:00 level=DEBUG source=logger.go:36 msg="Worker with ID 3 selected!"
time=2024-01-22T16:03:26.015+01:00 level=DEBUG source=logger.go:36 msg="Worker with ID 3 selected!"
time=2024-01-22T16:03:26.020+01:00 level=DEBUG source=logger.go:36 msg="Worker with ID 3 selected!"
time=2024-01-22T16:03:26.022+01:00 level=DEBUG source=logger.go:36 msg="Worker with ID 3 selected!"
time=2024-01-22T16:03:26.022+01:00 level=DEBUG source=logger.go:36 msg="Worker with ID 3 selected!"
time=2024-01-22T16:03:26.024+01:00 level=DEBUG source=logger.go:36 msg="Worker with ID 3 selected!"
time=2024-01-22T16:03:26.026+01:00 level=DEBUG source=logger.go:36 msg="Worker with ID 3 selected!"
time=2024-01-22T16:03:26.028+01:00 level=DEBUG source=logger.go:36 msg="Worker with ID 3 selected!"
time=2024-01-22T16:03:26.032+01:00 level=DEBUG source=logger.go:36 msg="Worker with ID 3 selected!"
time=2024-01-22T16:03:26.034+01:00 level=DEBUG source=logger.go:36 msg="Worker with ID 3 selected!"
time=2024-01-22T16:03:26.040+01:00 level=DEBUG source=logger.go:36 msg="Worker with ID 3 selected!"
time=2024-01-22T16:03:26.044+01:00 level=DEBUG source=logger.go:36 msg="Worker with ID 3 selected!"
time=2024-01-22T16:03:26.044+01:00 level=DEBUG source=logger.go:36 msg="Worker with ID 3 selected!"
time=2024-01-22T16:03:26.046+01:00 level=DEBUG source=logger.go:36 msg="Worker with ID 3 selected!"
time=2024-01-22T16:03:26.049+01:00 level=DEBUG source=logger.go:36 msg="Worker with ID 3 selected!"
time=2024-01-22T16:03:26.051+01:00 level=DEBUG source=logger.go:36 msg="Worker with ID 3 selected!"
time=2024-01-22T16:03:26.052+01:00 level=DEBUG source=logger.go:36 msg="Worker with ID 3 selected!"
time=2024-01-22T16:03:26.054+01:00 level=DEBUG source=logger.go:36 msg="Worker with ID 3 selected!"
time=2024-01-22T16:03:26.055+01:00 level=DEBUG source=logger.go:36 msg="Worker with ID 3 selected!"
time=2024-01-22T16:03:26.058+01:00 level=DEBUG source=logger.go:36 msg="Worker with ID 3 selected!"
time=2024-01-22T16:03:26.061+01:00 level=DEBUG source=logger.go:36 msg="Worker with ID 3 selected!"
time=2024-01-22T16:03:26.062+01:00 level=DEBUG source=logger.go:36 msg="Worker with ID 3 selected!"
time=2024-01-22T16:03:26.065+01:00 level=DEBUG source=logger.go:36 msg="Worker with ID 3 selected!"
time=2024-01-22T16:03:26.068+01:00 level=DEBUG source=logger.go:36 msg="Worker with ID 3 selected!"
time=2024-01-22T16:03:26.069+01:00 level=DEBUG source=logger.go:36 msg="Worker with ID 3 selected!"
time=2024-01-22T16:03:26.070+01:00 level=DEBUG source=logger.go:36 msg="Worker with ID 3 selected!"
time=2024-01-22T16:03:26.071+01:00 level=DEBUG source=logger.go:36 msg="Worker with ID 3 selected!"
time=2024-01-22T16:03:26.074+01:00 level=DEBUG source=logger.go:36 msg="Worker with ID 3 selected!"
time=2024-01-22T16:03:26.080+01:00 level=DEBUG source=logger.go:36 msg="Worker with ID 3 selected!"
time=2024-01-22T16:03:26.088+01:00 level=DEBUG source=logger.go:36 msg="Worker with ID 3 selected!"
time=2024-01-22T16:03:26.089+01:00 level=DEBUG source=logger.go:36 msg="Worker with ID 3 selected!"
time=2024-01-22T16:03:26.092+01:00 level=DEBUG source=logger.go:36 msg="Worker with ID 3 selected!"
time=2024-01-22T16:03:26.095+01:00 level=DEBUG source=logger.go:36 msg="Worker with ID 3 selected!"
time=2024-01-22T16:03:26.097+01:00 level=DEBUG source=logger.go:36 msg="Worker with ID 3 selected!"
time=2024-01-22T16:03:26.098+01:00 level=DEBUG source=logger.go:36 msg="Worker with ID 3 selected!"
time=2024-01-22T16:03:26.100+01:00 level=DEBUG source=logger.go:36 msg="Worker with ID 3 selected!"
time=2024-01-22T16:03:26.104+01:00 level=DEBUG source=logger.go:36 msg="Worker with ID 3 selected!"
time=2024-01-22T16:03:26.106+01:00 level=DEBUG source=logger.go:36 msg="Worker with ID 3 selected!"
time=2024-01-22T16:03:26.107+01:00 level=DEBUG source=logger.go:36 msg="Worker with ID 3 selected!"
time=2024-01-22T16:03:26.109+01:00 level=DEBUG source=logger.go:36 msg="Worker with ID 3 selected!"
time=2024-01-22T16:03:26.111+01:00 level=DEBUG source=logger.go:36 msg="Worker with ID 3 selected!"
time=2024-01-22T16:03:26.123+01:00 level=DEBUG source=logger.go:36 msg="Worker with ID 3 selected!"
time=2024-01-22T16:03:26.126+01:00 level=DEBUG source=logger.go:36 msg="Worker with ID 3 selected!"
time=2024-01-22T16:03:26.128+01:00 level=DEBUG source=logger.go:36 msg="Worker with ID 3 selected!"
time=2024-01-22T16:03:26.130+01:00 level=DEBUG source=logger.go:36 msg="Worker with ID 3 selected!"
time=2024-01-22T16:03:26.134+01:00 level=DEBUG source=logger.go:36 msg="Worker with ID 3 selected!"
time=2024-01-22T16:03:26.135+01:00 level=DEBUG source=logger.go:36 msg="Worker with ID 3 selected!"
time=2024-01-22T16:03:26.135+01:00 level=DEBUG source=logger.go:36 msg="Worker with ID 3 selected!"
time=2024-01-22T16:03:26.140+01:00 level=DEBUG source=logger.go:36 msg="Worker with ID 3 selected!"
time=2024-01-22T16:03:26.142+01:00 level=DEBUG source=logger.go:36 msg="Worker with ID 3 selected!"
time=2024-01-22T16:03:26.143+01:00 level=DEBUG source=logger.go:36 msg="Worker with ID 3 selected!"
time=2024-01-22T16:03:26.145+01:00 level=DEBUG source=logger.go:36 msg="Worker with ID 3 selected!"
time=2024-01-22T16:03:26.147+01:00 level=DEBUG source=logger.go:36 msg="Worker with ID 3 selected!"
time=2024-01-22T16:03:26.149+01:00 level=DEBUG source=logger.go:36 msg="Worker with ID 3 selected!"
time=2024-01-22T16:03:26.151+01:00 level=DEBUG source=logger.go:36 msg="Worker with ID 3 selected!"
time=2024-01-22T16:03:26.152+01:00 level=DEBUG source=logger.go:36 msg="Worker with ID 3 selected!"
time=2024-01-22T16:03:26.152+01:00 level=DEBUG source=logger.go:36 msg="Worker with ID 3 selected!"
time=2024-01-22T16:03:26.153+01:00 level=DEBUG source=logger.go:36 msg="Worker with ID 3 selected!"
time=2024-01-22T16:03:26.154+01:00 level=DEBUG source=logger.go:36 msg="Worker with ID 3 selected!"
time=2024-01-22T16:03:26.155+01:00 level=DEBUG source=logger.go:36 msg="Worker with ID 3 selected!"
time=2024-01-22T16:03:26.160+01:00 level=DEBUG source=logger.go:36 msg="Worker with ID 3 selected!"
time=2024-01-22T16:03:26.162+01:00 level=DEBUG source=logger.go:36 msg="Worker with ID 3 selected!"
time=2024-01-22T16:03:26.165+01:00 level=DEBUG source=logger.go:36 msg="Worker with ID 3 selected!"
time=2024-01-22T16:03:26.166+01:00 level=DEBUG source=logger.go:36 msg="Worker with ID 3 selected!"
time=2024-01-22T16:03:26.169+01:00 level=DEBUG source=logger.go:36 msg="Worker with ID 3 selected!"
time=2024-01-22T16:03:26.171+01:00 level=DEBUG source=logger.go:36 msg="Worker with ID 3 selected!"
time=2024-01-22T16:03:26.172+01:00 level=DEBUG source=logger.go:36 msg="Worker with ID 3 selected!"
time=2024-01-22T16:03:26.175+01:00 level=DEBUG source=logger.go:36 msg="Worker with ID 3 selected!"
time=2024-01-22T16:03:26.177+01:00 level=DEBUG source=logger.go:36 msg="Worker with ID 3 selected!"
time=2024-01-22T16:03:26.178+01:00 level=DEBUG source=logger.go:36 msg="Worker with ID 3 selected!"
time=2024-01-22T16:03:26.183+01:00 level=DEBUG source=logger.go:36 msg="Worker with ID 3 selected!"
time=2024-01-22T16:03:26.186+01:00 level=DEBUG source=logger.go:36 msg="Worker with ID 3 selected!"
time=2024-01-22T16:03:26.188+01:00 level=DEBUG source=logger.go:36 msg="Worker with ID 3 selected!"
time=2024-01-22T16:03:26.189+01:00 level=DEBUG source=logger.go:36 msg="Worker with ID 3 selected!"
time=2024-01-22T16:03:26.190+01:00 level=DEBUG source=logger.go:36 msg="Worker with ID 3 selected!"
time=2024-01-22T16:03:26.192+01:00 level=DEBUG source=logger.go:36 msg="Worker with ID 3 selected!"
time=2024-01-22T16:03:26.195+01:00 level=DEBUG source=logger.go:36 msg="Worker with ID 3 selected!"
time=2024-01-22T16:03:26.199+01:00 level=DEBUG source=logger.go:36 msg="Worker with ID 3 selected!"
time=2024-01-22T16:03:26.201+01:00 level=DEBUG source=logger.go:36 msg="Worker with ID 3 selected!"
time=2024-01-22T16:03:26.207+01:00 level=DEBUG source=logger.go:36 msg="Worker with ID 3 selected!"
time=2024-01-22T16:03:26.208+01:00 level=DEBUG source=logger.go:36 msg="Worker with ID 3 selected!"
time=2024-01-22T16:03:26.209+01:00 level=DEBUG source=logger.go:36 msg="Worker with ID 3 selected!"
time=2024-01-22T16:03:26.210+01:00 level=DEBUG source=logger.go:36 msg="Worker with ID 3 selected!"
time=2024-01-22T16:03:26.211+01:00 level=DEBUG source=logger.go:36 msg="Worker with ID 3 selected!"
time=2024-01-22T16:03:26.211+01:00 level=DEBUG source=logger.go:36 msg="Worker with ID 3 selected!"
time=2024-01-22T16:03:26.213+01:00 level=DEBUG source=logger.go:36 msg="Worker with ID 3 selected!"
time=2024-01-22T16:03:26.215+01:00 level=DEBUG source=logger.go:36 msg="Worker with ID 3 selected!"
time=2024-01-22T16:03:26.219+01:00 level=DEBUG source=logger.go:36 msg="Worker with ID 3 selected!"
time=2024-01-22T16:03:26.220+01:00 level=DEBUG source=logger.go:36 msg="Worker with ID 3 selected!"
time=2024-01-22T16:03:26.230+01:00 level=DEBUG source=logger.go:36 msg="Worker with ID 3 selected!"
time=2024-01-22T16:03:26.231+01:00 level=DEBUG source=logger.go:36 msg="Worker with ID 3 selected!"
time=2024-01-22T16:03:26.236+01:00 level=DEBUG source=logger.go:36 msg="Worker with ID 3 selected!"
time=2024-01-22T16:03:26.237+01:00 level=DEBUG source=logger.go:36 msg="Worker with ID 3 selected!"
time=2024-01-22T16:03:26.246+01:00 level=DEBUG source=logger.go:36 msg="Worker with ID 3 selected!"
time=2024-01-22T16:03:26.251+01:00 level=DEBUG source=logger.go:36 msg="Worker with ID 3 selected!"
time=2024-01-22T16:03:26.254+01:00 level=DEBUG source=logger.go:36 msg="Worker with ID 3 selected!"
time=2024-01-22T16:03:26.256+01:00 level=DEBUG source=logger.go:36 msg="Worker with ID 3 selected!"
time=2024-01-22T16:03:26.258+01:00 level=DEBUG source=logger.go:36 msg="Worker with ID 3 selected!"
time=2024-01-22T16:03:26.259+01:00 level=DEBUG source=logger.go:36 msg="Worker with ID 3 selected!"
time=2024-01-22T16:03:26.262+01:00 level=DEBUG source=logger.go:36 msg="Worker with ID 3 selected!"
time=2024-01-22T16:03:26.263+01:00 level=DEBUG source=logger.go:36 msg="Worker with ID 3 selected!"
time=2024-01-22T16:03:26.264+01:00 level=DEBUG source=logger.go:36 msg="Worker with ID 3 selected!"
time=2024-01-22T16:03:26.264+01:00 level=DEBUG source=logger.go:36 msg="Worker with ID 3 selected!"
time=2024-01-22T16:03:26.266+01:00 level=DEBUG source=logger.go:36 msg="Worker with ID 3 selected!"
time=2024-01-22T16:03:26.267+01:00 level=DEBUG source=logger.go:36 msg="Worker with ID 3 selected!"
time=2024-01-22T16:03:26.268+01:00 level=DEBUG source=logger.go:36 msg="Worker with ID 3 selected!"
time=2024-01-22T16:03:26.269+01:00 level=DEBUG source=logger.go:36 msg="Worker with ID 3 selected!"
time=2024-01-22T16:03:26.273+01:00 level=DEBUG source=logger.go:36 msg="Worker with ID 3 selected!"
time=2024-01-22T16:03:26.274+01:00 level=DEBUG source=logger.go:36 msg="Worker with ID 3 selected!"
time=2024-01-22T16:03:26.281+01:00 level=DEBUG source=logger.go:36 msg="Worker with ID 3 selected!"
time=2024-01-22T16:03:26.284+01:00 level=DEBUG source=logger.go:36 msg="Worker with ID 3 selected!"
time=2024-01-22T16:03:26.285+01:00 level=DEBUG source=logger.go:36 msg="Worker with ID 3 selected!"
time=2024-01-22T16:03:26.286+01:00 level=DEBUG source=logger.go:36 msg="Worker with ID 3 selected!"
time=2024-01-22T16:03:26.289+01:00 level=DEBUG source=logger.go:36 msg="Worker with ID 3 selected!"
time=2024-01-22T16:03:26.294+01:00 level=DEBUG source=logger.go:36 msg="Worker with ID 3 selected!"
time=2024-01-22T16:03:26.307+01:00 level=DEBUG source=logger.go:36 msg="Worker with ID 3 selected!"
time=2024-01-22T16:03:26.320+01:00 level=DEBUG source=logger.go:36 msg="Worker with ID 3 selected!"
time=2024-01-22T16:03:26.321+01:00 level=DEBUG source=logger.go:36 msg="Worker with ID 3 selected!"
time=2024-01-22T16:03:26.323+01:00 level=DEBUG source=logger.go:36 msg="Worker with ID 3 selected!"
time=2024-01-22T16:03:26.329+01:00 level=DEBUG source=logger.go:36 msg="Worker with ID 3 selected!"
time=2024-01-22T16:03:26.330+01:00 level=DEBUG source=logger.go:36 msg="Worker with ID 3 selected!"
time=2024-01-22T16:03:26.332+01:00 level=DEBUG source=logger.go:36 msg="Worker with ID 3 selected!"
time=2024-01-22T16:03:26.333+01:00 level=DEBUG source=logger.go:36 msg="Worker with ID 3 selected!"
time=2024-01-22T16:03:26.341+01:00 level=DEBUG source=logger.go:36 msg="Worker with ID 3 selected!"
time=2024-01-22T16:03:26.342+01:00 level=DEBUG source=logger.go:36 msg="Worker with ID 3 selected!"
time=2024-01-22T16:03:26.343+01:00 level=DEBUG source=logger.go:36 msg="Worker with ID 3 selected!"
time=2024-01-22T16:03:26.344+01:00 level=DEBUG source=logger.go:36 msg="Worker with ID 3 selected!"
time=2024-01-22T16:03:26.345+01:00 level=DEBUG source=logger.go:36 msg="Worker with ID 3 selected!"
time=2024-01-22T16:03:26.350+01:00 level=DEBUG source=logger.go:36 msg="Worker with ID 3 selected!"
time=2024-01-22T16:03:26.351+01:00 level=DEBUG source=logger.go:36 msg="Worker with ID 3 selected!"
time=2024-01-22T16:03:26.356+01:00 level=DEBUG source=logger.go:36 msg="Worker with ID 3 selected!"
time=2024-01-22T16:03:26.363+01:00 level=DEBUG source=logger.go:36 msg="Worker with ID 3 selected!"
time=2024-01-22T16:03:26.367+01:00 level=DEBUG source=logger.go:36 msg="Worker with ID 3 selected!"
time=2024-01-22T16:03:26.369+01:00 level=DEBUG source=logger.go:36 msg="Worker with ID 3 selected!"
time=2024-01-22T16:03:26.373+01:00 level=DEBUG source=logger.go:36 msg="Worker with ID 3 selected!"
time=2024-01-22T16:03:26.374+01:00 level=DEBUG source=logger.go:36 msg="Worker with ID 3 selected!"
time=2024-01-22T16:03:26.376+01:00 level=DEBUG source=logger.go:36 msg="Worker with ID 3 selected!"
time=2024-01-22T16:03:26.379+01:00 level=DEBUG source=logger.go:36 msg="Worker with ID 3 selected!"
time=2024-01-22T16:03:26.382+01:00 level=DEBUG source=logger.go:36 msg="Worker with ID 3 selected!"
time=2024-01-22T16:03:26.384+01:00 level=DEBUG source=logger.go:36 msg="Worker with ID 3 selected!"
time=2024-01-22T16:03:26.388+01:00 level=DEBUG source=logger.go:36 msg="Worker with ID 3 selected!"
time=2024-01-22T16:03:26.389+01:00 level=DEBUG source=logger.go:36 msg="Worker with ID 3 selected!"
time=2024-01-22T16:03:26.390+01:00 level=DEBUG source=logger.go:36 msg="Worker with ID 3 selected!"
time=2024-01-22T16:03:26.391+01:00 level=DEBUG source=logger.go:36 msg="Worker with ID 3 selected!"
time=2024-01-22T16:03:26.392+01:00 level=DEBUG source=logger.go:36 msg="Worker with ID 3 selected!"
time=2024-01-22T16:03:26.392+01:00 level=DEBUG source=logger.go:36 msg="Worker with ID 3 selected!"
time=2024-01-22T16:03:26.394+01:00 level=DEBUG source=logger.go:36 msg="Worker with ID 3 selected!"
time=2024-01-22T16:03:26.402+01:00 level=DEBUG source=logger.go:36 msg="Worker with ID 3 selected!"
time=2024-01-22T16:03:26.408+01:00 level=DEBUG source=logger.go:36 msg="Worker with ID 3 selected!"
time=2024-01-22T16:03:26.414+01:00 level=DEBUG source=logger.go:36 msg="Worker with ID 3 selected!"
time=2024-01-22T16:03:26.416+01:00 level=DEBUG source=logger.go:36 msg="Worker with ID 3 selected!"
time=2024-01-22T16:03:26.423+01:00 level=DEBUG source=logger.go:36 msg="Worker with ID 3 selected!"
time=2024-01-22T16:03:26.424+01:00 level=DEBUG source=logger.go:36 msg="Worker with ID 3 selected!"
time=2024-01-22T16:03:26.425+01:00 level=DEBUG source=logger.go:36 msg="Worker with ID 3 selected!"
time=2024-01-22T16:03:26.427+01:00 level=DEBUG source=logger.go:36 msg="Worker with ID 3 selected!"
time=2024-01-22T16:03:26.428+01:00 level=DEBUG source=logger.go:36 msg="Worker with ID 3 selected!"
time=2024-01-22T16:03:26.432+01:00 level=DEBUG source=logger.go:36 msg="Worker with ID 3 selected!"
time=2024-01-22T16:03:26.439+01:00 level=DEBUG source=logger.go:36 msg="Worker with ID 3 selected!"
time=2024-01-22T16:03:26.442+01:00 level=DEBUG source=logger.go:36 msg="Worker with ID 3 selected!"
time=2024-01-22T16:03:26.443+01:00 level=DEBUG source=logger.go:36 msg="Worker with ID 3 selected!"
time=2024-01-22T16:03:26.446+01:00 level=DEBUG source=logger.go:36 msg="Worker with ID 3 selected!"
time=2024-01-22T16:03:26.449+01:00 level=DEBUG source=logger.go:36 msg="Worker with ID 3 selected!"
time=2024-01-22T16:03:26.450+01:00 level=DEBUG source=logger.go:36 msg="Worker with ID 3 selected!"
time=2024-01-22T16:03:26.456+01:00 level=DEBUG source=logger.go:36 msg="Worker with ID 3 selected!"
time=2024-01-22T16:03:26.466+01:00 level=DEBUG source=logger.go:36 msg="Worker with ID 3 selected!"
time=2024-01-22T16:03:26.471+01:00 level=DEBUG source=logger.go:36 msg="Worker with ID 3 selected!"
time=2024-01-22T16:03:26.478+01:00 level=DEBUG source=logger.go:36 msg="Worker with ID 3 selected!"
time=2024-01-22T16:03:26.478+01:00 level=DEBUG source=logger.go:36 msg="Worker with ID 3 selected!"
time=2024-01-22T16:03:26.481+01:00 level=DEBUG source=logger.go:36 msg="Worker with ID 3 selected!"
time=2024-01-22T16:03:26.482+01:00 level=DEBUG source=logger.go:36 msg="Worker with ID 3 selected!"
time=2024-01-22T16:03:26.484+01:00 level=DEBUG source=logger.go:36 msg="Worker with ID 3 selected!"
time=2024-01-22T16:03:26.486+01:00 level=DEBUG source=logger.go:36 msg="Worker with ID 3 selected!"
time=2024-01-22T16:03:26.489+01:00 level=DEBUG source=logger.go:36 msg="Worker with ID 3 selected!"
time=2024-01-22T16:03:26.492+01:00 level=DEBUG source=logger.go:36 msg="Worker with ID 3 selected!"
time=2024-01-22T16:03:26.498+01:00 level=DEBUG source=logger.go:36 msg="Worker with ID 3 selected!"
time=2024-01-22T16:03:26.498+01:00 level=DEBUG source=logger.go:36 msg="Worker with ID 3 selected!"
time=2024-01-22T16:03:26.500+01:00 level=DEBUG source=logger.go:36 msg="Worker with ID 3 selected!"
time=2024-01-22T16:03:26.501+01:00 level=DEBUG source=logger.go:36 msg="Worker with ID 3 selected!"
time=2024-01-22T16:03:26.502+01:00 level=DEBUG source=logger.go:36 msg="Worker with ID 3 selected!"
time=2024-01-22T16:03:26.507+01:00 level=DEBUG source=logger.go:36 msg="Worker with ID 3 selected!"
time=2024-01-22T16:03:26.516+01:00 level=DEBUG source=logger.go:36 msg="Worker with ID 3 selected!"
time=2024-01-22T16:03:26.522+01:00 level=DEBUG source=logger.go:36 msg="Worker with ID 3 selected!"
time=2024-01-22T16:03:26.530+01:00 level=DEBUG source=logger.go:36 msg="Worker with ID 3 selected!"
time=2024-01-22T16:03:26.533+01:00 level=DEBUG source=logger.go:36 msg="Worker with ID 3 selected!"
time=2024-01-22T16:03:26.545+01:00 level=DEBUG source=logger.go:36 msg="Worker with ID 3 selected!"
time=2024-01-22T16:03:26.551+01:00 level=DEBUG source=logger.go:36 msg="Worker with ID 3 selected!"
time=2024-01-22T16:03:26.554+01:00 level=DEBUG source=logger.go:36 msg="Worker with ID 3 selected!"
time=2024-01-22T16:03:26.555+01:00 level=DEBUG source=logger.go:36 msg="Worker with ID 3 selected!"
time=2024-01-22T16:03:26.556+01:00 level=DEBUG source=logger.go:36 msg="Worker with ID 3 selected!"
time=2024-01-22T16:03:26.558+01:00 level=DEBUG source=logger.go:36 msg="Worker with ID 3 selected!"
time=2024-01-22T16:03:26.567+01:00 level=DEBUG source=logger.go:36 msg="Worker with ID 3 selected!"
time=2024-01-22T16:03:26.573+01:00 level=DEBUG source=logger.go:36 msg="Worker with ID 3 selected!"
time=2024-01-22T16:03:26.575+01:00 level=DEBUG source=logger.go:36 msg="Worker with ID 3 selected!"
time=2024-01-22T16:03:26.576+01:00 level=DEBUG source=logger.go:36 msg="Worker with ID 3 selected!"
time=2024-01-22T16:03:26.577+01:00 level=DEBUG source=logger.go:36 msg="Worker with ID 3 selected!"
time=2024-01-22T16:03:26.582+01:00 level=DEBUG source=logger.go:36 msg="Worker with ID 3 selected!"
time=2024-01-22T16:03:26.584+01:00 level=DEBUG source=logger.go:36 msg="Worker with ID 3 selected!"
time=2024-01-22T16:03:26.589+01:00 level=DEBUG source=logger.go:36 msg="Worker with ID 3 selected!"
time=2024-01-22T16:03:26.592+01:00 level=DEBUG source=logger.go:36 msg="Worker with ID 3 selected!"
time=2024-01-22T16:03:26.595+01:00 level=DEBUG source=logger.go:36 msg="Worker with ID 3 selected!"
time=2024-01-22T16:03:26.598+01:00 level=DEBUG source=logger.go:36 msg="Worker with ID 3 selected!"
time=2024-01-22T16:03:26.602+01:00 level=DEBUG source=logger.go:36 msg="Worker with ID 3 selected!"
time=2024-01-22T16:03:26.609+01:00 level=DEBUG source=logger.go:36 msg="Worker with ID 3 selected!"
time=2024-01-22T16:03:26.617+01:00 level=DEBUG source=logger.go:36 msg="Worker with ID 3 selected!"
time=2024-01-22T16:03:26.627+01:00 level=DEBUG source=logger.go:36 msg="Worker with ID 3 selected!"
time=2024-01-22T16:03:26.639+01:00 level=DEBUG source=logger.go:36 msg="Worker with ID 3 selected!"
time=2024-01-22T16:03:26.640+01:00 level=DEBUG source=logger.go:36 msg="Worker with ID 3 selected!"
time=2024-01-22T16:03:26.646+01:00 level=DEBUG source=logger.go:36 msg="Worker with ID 3 selected!"
time=2024-01-22T16:03:26.652+01:00 level=DEBUG source=logger.go:36 msg="Worker with ID 3 selected!"
time=2024-01-22T16:03:26.653+01:00 level=DEBUG source=logger.go:36 msg="Worker with ID 3 selected!"
time=2024-01-22T16:03:26.657+01:00 level=DEBUG source=logger.go:36 msg="Worker with ID 3 selected!"
time=2024-01-22T16:03:26.658+01:00 level=DEBUG source=logger.go:36 msg="Worker with ID 3 selected!"
time=2024-01-22T16:03:26.660+01:00 level=DEBUG source=logger.go:36 msg="Worker with ID 3 selected!"
time=2024-01-22T16:03:26.661+01:00 level=DEBUG source=logger.go:36 msg="Worker with ID 3 selected!"
time=2024-01-22T16:03:26.665+01:00 level=DEBUG source=logger.go:36 msg="Worker with ID 3 selected!"
time=2024-01-22T16:03:26.665+01:00 level=DEBUG source=logger.go:36 msg="Worker with ID 3 selected!"
time=2024-01-22T16:03:26.668+01:00 level=DEBUG source=logger.go:36 msg="Worker with ID 3 selected!"
time=2024-01-22T16:03:26.669+01:00 level=DEBUG source=logger.go:36 msg="Worker with ID 3 selected!"
time=2024-01-22T16:03:26.671+01:00 level=DEBUG source=logger.go:36 msg="Worker with ID 3 selected!"
time=2024-01-22T16:03:26.672+01:00 level=DEBUG source=logger.go:36 msg="Worker with ID 3 selected!"
time=2024-01-22T16:03:26.676+01:00 level=DEBUG source=logger.go:36 msg="Worker with ID 3 selected!"
time=2024-01-22T16:03:26.677+01:00 level=DEBUG source=logger.go:36 msg="Worker with ID 3 selected!"
time=2024-01-22T16:03:26.678+01:00 level=DEBUG source=logger.go:36 msg="Worker with ID 3 selected!"
time=2024-01-22T16:03:26.680+01:00 level=DEBUG source=logger.go:36 msg="Worker with ID 3 selected!"
time=2024-01-22T16:03:26.681+01:00 level=DEBUG source=logger.go:36 msg="Worker with ID 3 selected!"
time=2024-01-22T16:03:26.682+01:00 level=DEBUG source=logger.go:36 msg="Worker with ID 3 selected!"
time=2024-01-22T16:03:26.684+01:00 level=DEBUG source=logger.go:36 msg="Worker with ID 3 selected!"
time=2024-01-22T16:03:26.688+01:00 level=DEBUG source=logger.go:36 msg="Worker with ID 3 selected!"
time=2024-01-22T16:03:26.693+01:00 level=DEBUG source=logger.go:36 msg="Worker with ID 3 selected!"
time=2024-01-22T16:03:26.694+01:00 level=DEBUG source=logger.go:36 msg="Worker with ID 3 selected!"
time=2024-01-22T16:03:26.695+01:00 level=DEBUG source=logger.go:36 msg="Worker with ID 3 selected!"
time=2024-01-22T16:03:26.697+01:00 level=DEBUG source=logger.go:36 msg="Worker with ID 3 selected!"
time=2024-01-22T16:03:26.698+01:00 level=DEBUG source=logger.go:36 msg="Worker with ID 3 selected!"
time=2024-01-22T16:03:26.700+01:00 level=DEBUG source=logger.go:36 msg="Worker with ID 3 selected!"
time=2024-01-22T16:03:26.701+01:00 level=DEBUG source=logger.go:36 msg="Worker with ID 3 selected!"
time=2024-01-22T16:03:26.701+01:00 level=DEBUG source=logger.go:36 msg="Worker with ID 3 selected!"
time=2024-01-22T16:03:26.704+01:00 level=DEBUG source=logger.go:36 msg="Worker with ID 3 selected!"
time=2024-01-22T16:03:26.707+01:00 level=DEBUG source=logger.go:36 msg="Worker with ID 3 selected!"
time=2024-01-22T16:03:26.707+01:00 level=DEBUG source=logger.go:36 msg="Worker with ID 3 selected!"
time=2024-01-22T16:03:26.709+01:00 level=DEBUG source=logger.go:36 msg="Worker with ID 3 selected!"
time=2024-01-22T16:03:26.710+01:00 level=DEBUG source=logger.go:36 msg="Worker with ID 3 selected!"
time=2024-01-22T16:03:26.711+01:00 level=DEBUG source=logger.go:36 msg="Worker with ID 3 selected!"
time=2024-01-22T16:03:26.716+01:00 level=DEBUG source=logger.go:36 msg="Worker with ID 3 selected!"
time=2024-01-22T16:03:26.717+01:00 level=DEBUG source=logger.go:36 msg="Worker with ID 3 selected!"
time=2024-01-22T16:03:26.724+01:00 level=DEBUG source=logger.go:36 msg="Worker with ID 3 selected!"
time=2024-01-22T16:03:26.725+01:00 level=DEBUG source=logger.go:36 msg="Worker with ID 3 selected!"
time=2024-01-22T16:03:26.726+01:00 level=DEBUG source=logger.go:36 msg="Worker with ID 3 selected!"
time=2024-01-22T16:03:26.728+01:00 level=DEBUG source=logger.go:36 msg="Worker with ID 3 selected!"
time=2024-01-22T16:03:26.729+01:00 level=DEBUG source=logger.go:36 msg="Worker with ID 3 selected!"
time=2024-01-22T16:03:26.730+01:00 level=DEBUG source=logger.go:36 msg="Worker with ID 3 selected!"
time=2024-01-22T16:03:26.731+01:00 level=DEBUG source=logger.go:36 msg="Worker with ID 3 selected!"
time=2024-01-22T16:03:26.734+01:00 level=DEBUG source=logger.go:36 msg="Worker with ID 3 selected!"
time=2024-01-22T16:03:26.734+01:00 level=DEBUG source=logger.go:36 msg="Worker with ID 3 selected!"
time=2024-01-22T16:03:26.736+01:00 level=DEBUG source=logger.go:36 msg="Worker with ID 3 selected!"
time=2024-01-22T16:03:26.737+01:00 level=DEBUG source=logger.go:36 msg="Worker with ID 3 selected!"
time=2024-01-22T16:03:26.740+01:00 level=DEBUG source=logger.go:36 msg="Worker with ID 3 selected!"
time=2024-01-22T16:03:26.744+01:00 level=DEBUG source=logger.go:36 msg="Worker with ID 3 selected!"
time=2024-01-22T16:03:26.746+01:00 level=DEBUG source=logger.go:36 msg="Worker with ID 3 selected!"
time=2024-01-22T16:03:26.747+01:00 level=DEBUG source=logger.go:36 msg="Worker with ID 3 selected!"
time=2024-01-22T16:03:26.748+01:00 level=DEBUG source=logger.go:36 msg="Worker with ID 3 selected!"
time=2024-01-22T16:03:26.750+01:00 level=DEBUG source=logger.go:36 msg="Worker with ID 3 selected!"
time=2024-01-22T16:03:26.752+01:00 level=DEBUG source=logger.go:36 msg="Worker with ID 3 selected!"
time=2024-01-22T16:03:26.753+01:00 level=DEBUG source=logger.go:36 msg="Worker with ID 3 selected!"
time=2024-01-22T16:03:26.753+01:00 level=DEBUG source=logger.go:36 msg="Worker with ID 3 selected!"
time=2024-01-22T16:03:26.756+01:00 level=DEBUG source=logger.go:36 msg="Worker with ID 3 selected!"
time=2024-01-22T16:03:26.757+01:00 level=DEBUG source=logger.go:36 msg="Worker with ID 3 selected!"
time=2024-01-22T16:03:26.761+01:00 level=DEBUG source=logger.go:36 msg="Worker with ID 3 selected!"
time=2024-01-22T16:03:26.761+01:00 level=DEBUG source=logger.go:36 msg="Worker with ID 3 selected!"
time=2024-01-22T16:03:26.763+01:00 level=DEBUG source=logger.go:36 msg="Worker with ID 3 selected!"
time=2024-01-22T16:03:26.764+01:00 level=DEBUG source=logger.go:36 msg="Worker with ID 3 selected!"
time=2024-01-22T16:03:26.765+01:00 level=DEBUG source=logger.go:36 msg="Worker with ID 3 selected!"
time=2024-01-22T16:03:26.766+01:00 level=DEBUG source=logger.go:36 msg="Worker with ID 3 selected!"
time=2024-01-22T16:03:26.769+01:00 level=DEBUG source=logger.go:36 msg="Worker with ID 3 selected!"
time=2024-01-22T16:03:26.769+01:00 level=DEBUG source=logger.go:36 msg="Worker with ID 3 selected!"
time=2024-01-22T16:03:26.772+01:00 level=DEBUG source=logger.go:36 msg="Worker with ID 3 selected!"
time=2024-01-22T16:03:26.773+01:00 level=DEBUG source=logger.go:36 msg="Worker with ID 3 selected!"
time=2024-01-22T16:03:26.775+01:00 level=DEBUG source=logger.go:36 msg="Worker with ID 3 selected!"
time=2024-01-22T16:03:26.776+01:00 level=DEBUG source=logger.go:36 msg="Worker with ID 3 selected!"
time=2024-01-22T16:03:26.777+01:00 level=DEBUG source=logger.go:36 msg="Worker with ID 3 selected!"
time=2024-01-22T16:03:26.778+01:00 level=DEBUG source=logger.go:36 msg="Worker with ID 3 selected!"
time=2024-01-22T16:03:26.779+01:00 level=DEBUG source=logger.go:36 msg="Worker with ID 3 selected!"
time=2024-01-22T16:03:26.781+01:00 level=DEBUG source=logger.go:36 msg="Worker with ID 3 selected!"
time=2024-01-22T16:03:26.784+01:00 level=DEBUG source=logger.go:36 msg="Worker with ID 3 selected!"
time=2024-01-22T16:03:26.786+01:00 level=DEBUG source=logger.go:36 msg="Worker with ID 3 selected!"
time=2024-01-22T16:03:26.787+01:00 level=DEBUG source=logger.go:36 msg="Worker with ID 3 selected!"
time=2024-01-22T16:03:26.790+01:00 level=DEBUG source=logger.go:36 msg="Worker with ID 3 selected!"
time=2024-01-22T16:03:26.793+01:00 level=DEBUG source=logger.go:36 msg="Worker with ID 3 selected!"
time=2024-01-22T16:03:26.794+01:00 level=DEBUG source=logger.go:36 msg="Worker with ID 3 selected!"
time=2024-01-22T16:03:26.796+01:00 level=DEBUG source=logger.go:36 msg="Worker with ID 3 selected!"
time=2024-01-22T16:03:26.797+01:00 level=DEBUG source=logger.go:36 msg="Worker with ID 3 selected!"
time=2024-01-22T16:03:26.806+01:00 level=DEBUG source=logger.go:36 msg="Sending current tree entry of ah6743uhfn7999ls Angelo Sanderfer 2480.20"
time=2024-01-22T16:03:26.807+01:00 level=DEBUG source=logger.go:36 msg="Worker with ID 3 selected!"
time=2024-01-22T16:03:26.810+01:00 level=DEBUG source=logger.go:36 msg="Worker with ID 3 selected!"
time=2024-01-22T16:03:26.815+01:00 level=DEBUG source=logger.go:36 msg="Worker with ID 3 selected!"
time=2024-01-22T16:03:26.815+01:00 level=DEBUG source=logger.go:36 msg="Worker with ID 3 selected!"
time=2024-01-22T16:03:26.816+01:00 level=DEBUG source=logger.go:36 msg="Worker with ID 3 selected!"
time=2024-01-22T16:03:26.817+01:00 level=DEBUG source=logger.go:36 msg="Worker with ID 3 selected!"
time=2024-01-22T16:03:26.818+01:00 level=DEBUG source=logger.go:36 msg="Worker with ID 3 selected!"
time=2024-01-22T16:03:26.819+01:00 level=DEBUG source=logger.go:36 msg="Worker with ID 3 selected!"
time=2024-01-22T16:03:26.819+01:00 level=DEBUG source=logger.go:36 msg="Worker with ID 3 selected!"
time=2024-01-22T16:03:26.822+01:00 level=DEBUG source=logger.go:36 msg="Worker with ID 3 selected!"
time=2024-01-22T16:03:26.825+01:00 level=DEBUG source=logger.go:36 msg="Worker with ID 3 selected!"
time=2024-01-22T16:03:26.828+01:00 level=DEBUG source=logger.go:36 msg="Worker with ID 3 selected!"
time=2024-01-22T16:03:26.829+01:00 level=DEBUG source=logger.go:36 msg="Worker with ID 3 selected!"
time=2024-01-22T16:03:26.831+01:00 level=DEBUG source=logger.go:36 msg="Worker with ID 3 selected!"
time=2024-01-22T16:03:26.834+01:00 level=DEBUG source=logger.go:36 msg="Worker with ID 3 selected!"
time=2024-01-22T16:03:26.835+01:00 level=DEBUG source=logger.go:36 msg="Worker with ID 3 selected!"
time=2024-01-22T16:03:26.836+01:00 level=DEBUG source=logger.go:36 msg="Worker with ID 3 selected!"
time=2024-01-22T16:03:26.839+01:00 level=DEBUG source=logger.go:36 msg="Worker with ID 3 selected!"
time=2024-01-22T16:03:26.840+01:00 level=DEBUG source=logger.go:36 msg="Worker with ID 3 selected!"
time=2024-01-22T16:03:26.843+01:00 level=DEBUG source=logger.go:36 msg="Worker with ID 3 selected!"
time=2024-01-22T16:03:26.844+01:00 level=DEBUG source=logger.go:36 msg="Worker with ID 3 selected!"
time=2024-01-22T16:03:26.847+01:00 level=DEBUG source=logger.go:36 msg="Worker with ID 3 selected!"
time=2024-01-22T16:03:26.848+01:00 level=DEBUG source=logger.go:36 msg="Worker with ID 3 selected!"
time=2024-01-22T16:03:26.854+01:00 level=DEBUG source=logger.go:36 msg="Worker with ID 3 selected!"
time=2024-01-22T16:03:26.856+01:00 level=DEBUG source=logger.go:36 msg="Worker with ID 3 selected!"
time=2024-01-22T16:03:26.864+01:00 level=DEBUG source=logger.go:36 msg="Worker with ID 3 selected!"
time=2024-01-22T16:03:26.865+01:00 level=DEBUG source=logger.go:36 msg="Worker with ID 3 selected!"
time=2024-01-22T16:03:26.867+01:00 level=DEBUG source=logger.go:36 msg="Worker with ID 3 selected!"
time=2024-01-22T16:03:26.868+01:00 level=DEBUG source=logger.go:36 msg="Worker with ID 3 selected!"
time=2024-01-22T16:03:26.870+01:00 level=DEBUG source=logger.go:36 msg="Worker with ID 3 selected!"
time=2024-01-22T16:03:26.873+01:00 level=DEBUG source=logger.go:36 msg="Worker with ID 3 selected!"
time=2024-01-22T16:03:26.876+01:00 level=DEBUG source=logger.go:36 msg="Worker with ID 3 selected!"
time=2024-01-22T16:03:26.877+01:00 level=DEBUG source=logger.go:36 msg="Worker with ID 3 selected!"
time=2024-01-22T16:03:26.879+01:00 level=DEBUG source=logger.go:36 msg="Worker with ID 3 selected!"
time=2024-01-22T16:03:26.882+01:00 level=DEBUG source=logger.go:36 msg="Worker with ID 3 selected!"
time=2024-01-22T16:03:26.887+01:00 level=DEBUG source=logger.go:36 msg="Worker with ID 3 selected!"
time=2024-01-22T16:03:26.889+01:00 level=DEBUG source=logger.go:36 msg="Worker with ID 3 selected!"
time=2024-01-22T16:03:26.889+01:00 level=DEBUG source=logger.go:36 msg="Worker with ID 3 selected!"
time=2024-01-22T16:03:26.891+01:00 level=DEBUG source=logger.go:36 msg="Worker with ID 3 selected!"
time=2024-01-22T16:03:26.891+01:00 level=DEBUG source=logger.go:36 msg="Worker with ID 3 selected!"
time=2024-01-22T16:03:26.892+01:00 level=DEBUG source=logger.go:36 msg="Worker with ID 3 selected!"
time=2024-01-22T16:03:26.898+01:00 level=DEBUG source=logger.go:36 msg="Worker with ID 3 selected!"
time=2024-01-22T16:03:26.898+01:00 level=DEBUG source=logger.go:36 msg="Worker with ID 3 selected!"
time=2024-01-22T16:03:26.899+01:00 level=DEBUG source=logger.go:36 msg="Worker with ID 3 selected!"
time=2024-01-22T16:03:26.901+01:00 level=DEBUG source=logger.go:36 msg="Worker with ID 3 selected!"
time=2024-01-22T16:03:26.902+01:00 level=DEBUG source=logger.go:36 msg="Worker with ID 3 selected!"
time=2024-01-22T16:03:26.909+01:00 level=DEBUG source=logger.go:36 msg="Worker with ID 3 selected!"
time=2024-01-22T16:03:26.911+01:00 level=DEBUG source=logger.go:36 msg="Worker with ID 3 selected!"
time=2024-01-22T16:03:26.912+01:00 level=DEBUG source=logger.go:36 msg="Worker with ID 3 selected!"
time=2024-01-22T16:03:26.914+01:00 level=DEBUG source=logger.go:36 msg="Worker with ID 3 selected!"
time=2024-01-22T16:03:26.916+01:00 level=DEBUG source=logger.go:36 msg="Worker with ID 3 selected!"
time=2024-01-22T16:03:26.918+01:00 level=DEBUG source=logger.go:36 msg="Worker with ID 3 selected!"
time=2024-01-22T16:03:26.925+01:00 level=DEBUG source=logger.go:36 msg="Worker with ID 3 selected!"
time=2024-01-22T16:03:26.926+01:00 level=DEBUG source=logger.go:36 msg="Worker with ID 3 selected!"
time=2024-01-22T16:03:26.927+01:00 level=DEBUG source=logger.go:36 msg="Worker with ID 3 selected!"
time=2024-01-22T16:03:26.929+01:00 level=DEBUG source=logger.go:36 msg="Worker with ID 3 selected!"
time=2024-01-22T16:03:26.934+01:00 level=DEBUG source=logger.go:36 msg="Worker with ID 3 selected!"
time=2024-01-22T16:03:26.937+01:00 level=DEBUG source=logger.go:36 msg="Worker with ID 3 selected!"
time=2024-01-22T16:03:26.938+01:00 level=DEBUG source=logger.go:36 msg="Worker with ID 3 selected!"
time=2024-01-22T16:03:26.939+01:00 level=DEBUG source=logger.go:36 msg="Worker with ID 3 selected!"
time=2024-01-22T16:03:26.943+01:00 level=DEBUG source=logger.go:36 msg="Worker with ID 3 selected!"
time=2024-01-22T16:03:26.950+01:00 level=DEBUG source=logger.go:36 msg="Worker with ID 3 selected!"
time=2024-01-22T16:03:26.951+01:00 level=DEBUG source=logger.go:36 msg="Worker with ID 3 selected!"
time=2024-01-22T16:03:26.955+01:00 level=DEBUG source=logger.go:36 msg="Worker with ID 3 selected!"
time=2024-01-22T16:03:26.958+01:00 level=DEBUG source=logger.go:36 msg="Worker with ID 3 selected!"
time=2024-01-22T16:03:26.959+01:00 level=DEBUG source=logger.go:36 msg="Worker with ID 3 selected!"
time=2024-01-22T16:03:26.964+01:00 level=DEBUG source=logger.go:36 msg="Worker with ID 3 selected!"
time=2024-01-22T16:03:26.966+01:00 level=DEBUG source=logger.go:36 msg="Worker with ID 3 selected!"
time=2024-01-22T16:03:26.967+01:00 level=DEBUG source=logger.go:36 msg="Worker with ID 3 selected!"
time=2024-01-22T16:03:26.968+01:00 level=DEBUG source=logger.go:36 msg="Worker with ID 3 selected!"
time=2024-01-22T16:03:26.970+01:00 level=DEBUG source=logger.go:36 msg="Worker with ID 3 selected!"
time=2024-01-22T16:03:26.971+01:00 level=DEBUG source=logger.go:36 msg="Worker with ID 3 selected!"
time=2024-01-22T16:03:26.976+01:00 level=DEBUG source=logger.go:36 msg="Worker with ID 3 selected!"
time=2024-01-22T16:03:26.979+01:00 level=DEBUG source=logger.go:36 msg="Worker with ID 3 selected!"
time=2024-01-22T16:03:26.980+01:00 level=DEBUG source=logger.go:36 msg="Worker with ID 3 selected!"
time=2024-01-22T16:03:26.982+01:00 level=DEBUG source=logger.go:36 msg="Worker with ID 3 selected!"
time=2024-01-22T16:03:26.985+01:00 level=DEBUG source=logger.go:36 msg="Worker with ID 3 selected!"
time=2024-01-22T16:03:26.986+01:00 level=DEBUG source=logger.go:36 msg="Worker with ID 3 selected!"
time=2024-01-22T16:03:26.995+01:00 level=DEBUG source=logger.go:36 msg="Worker with ID 3 selected!"
time=2024-01-22T16:03:26.999+01:00 level=DEBUG source=logger.go:36 msg="Worker with ID 3 selected!"
time=2024-01-22T16:03:27.001+01:00 level=DEBUG source=logger.go:36 msg="Worker with ID 3 selected!"
time=2024-01-22T16:03:27.002+01:00 level=DEBUG source=logger.go:36 msg="Worker with ID 3 selected!"
time=2024-01-22T16:03:27.003+01:00 level=DEBUG source=logger.go:36 msg="Worker with ID 3 selected!"
time=2024-01-22T16:03:27.007+01:00 level=DEBUG source=logger.go:36 msg="Worker with ID 3 selected!"
time=2024-01-22T16:03:27.008+01:00 level=DEBUG source=logger.go:36 msg="Worker with ID 3 selected!"
time=2024-01-22T16:03:27.009+01:00 level=DEBUG source=logger.go:36 msg="Worker with ID 3 selected!"
time=2024-01-22T16:03:27.010+01:00 level=DEBUG source=logger.go:36 msg="Worker with ID 3 selected!"
time=2024-01-22T16:03:27.011+01:00 level=DEBUG source=logger.go:36 msg="Worker with ID 3 selected!"
time=2024-01-22T16:03:27.013+01:00 level=DEBUG source=logger.go:36 msg="Worker with ID 3 selected!"
time=2024-01-22T16:03:27.017+01:00 level=DEBUG source=logger.go:36 msg="Worker with ID 3 selected!"
time=2024-01-22T16:03:27.022+01:00 level=DEBUG source=logger.go:36 msg="Worker with ID 3 selected!"
time=2024-01-22T16:03:27.023+01:00 level=DEBUG source=logger.go:36 msg="Worker with ID 3 selected!"
time=2024-01-22T16:03:27.027+01:00 level=DEBUG source=logger.go:36 msg="Worker with ID 3 selected!"
time=2024-01-22T16:03:27.028+01:00 level=DEBUG source=logger.go:36 msg="Worker with ID 3 selected!"
time=2024-01-22T16:03:27.030+01:00 level=DEBUG source=logger.go:36 msg="Worker with ID 3 selected!"
time=2024-01-22T16:03:27.031+01:00 level=DEBUG source=logger.go:36 msg="Worker with ID 3 selected!"
time=2024-01-22T16:03:27.036+01:00 level=DEBUG source=logger.go:36 msg="Worker with ID 3 selected!"
time=2024-01-22T16:03:27.038+01:00 level=DEBUG source=logger.go:36 msg="Worker with ID 3 selected!"
time=2024-01-22T16:03:27.048+01:00 level=DEBUG source=logger.go:36 msg="Worker with ID 3 selected!"
time=2024-01-22T16:03:27.056+01:00 level=DEBUG source=logger.go:36 msg="Worker with ID 3 selected!"
time=2024-01-22T16:03:27.057+01:00 level=DEBUG source=logger.go:36 msg="Worker with ID 3 selected!"
time=2024-01-22T16:03:27.058+01:00 level=DEBUG source=logger.go:36 msg="Worker with ID 3 selected!"
time=2024-01-22T16:03:27.060+01:00 level=DEBUG source=logger.go:36 msg="Worker with ID 3 selected!"
time=2024-01-22T16:03:27.062+01:00 level=DEBUG source=logger.go:36 msg="Worker with ID 3 selected!"
time=2024-01-22T16:03:27.063+01:00 level=DEBUG source=logger.go:36 msg="Worker with ID 3 selected!"
time=2024-01-22T16:03:27.064+01:00 level=DEBUG source=logger.go:36 msg="Worker with ID 3 selected!"
time=2024-01-22T16:03:27.067+01:00 level=DEBUG source=logger.go:36 msg="Worker with ID 3 selected!"
time=2024-01-22T16:03:27.070+01:00 level=DEBUG source=logger.go:36 msg="Worker with ID 3 selected!"
time=2024-01-22T16:03:27.077+01:00 level=DEBUG source=logger.go:36 msg="Worker with ID 3 selected!"
time=2024-01-22T16:03:27.078+01:00 level=DEBUG source=logger.go:36 msg="Worker with ID 3 selected!"
time=2024-01-22T16:03:27.081+01:00 level=DEBUG source=logger.go:36 msg="Worker with ID 3 selected!"
time=2024-01-22T16:03:27.083+01:00 level=DEBUG source=logger.go:36 msg="Worker with ID 3 selected!"
time=2024-01-22T16:03:27.083+01:00 level=DEBUG source=logger.go:36 msg="Worker with ID 3 selected!"
time=2024-01-22T16:03:27.085+01:00 level=DEBUG source=logger.go:36 msg="Worker with ID 3 selected!"
time=2024-01-22T16:03:27.086+01:00 level=DEBUG source=logger.go:36 msg="Worker with ID 3 selected!"
time=2024-01-22T16:03:27.087+01:00 level=DEBUG source=logger.go:36 msg="Worker with ID 3 selected!"
time=2024-01-22T16:03:27.088+01:00 level=DEBUG source=logger.go:36 msg="Worker with ID 3 selected!"
time=2024-01-22T16:03:27.089+01:00 level=DEBUG source=logger.go:36 msg="Worker with ID 3 selected!"
time=2024-01-22T16:03:27.090+01:00 level=DEBUG source=logger.go:36 msg="Worker with ID 3 selected!"
time=2024-01-22T16:03:27.094+01:00 level=DEBUG source=logger.go:36 msg="Worker with ID 3 selected!"
time=2024-01-22T16:03:27.097+01:00 level=DEBUG source=logger.go:36 msg="Worker with ID 3 selected!"
time=2024-01-22T16:03:27.101+01:00 level=DEBUG source=logger.go:36 msg="Worker with ID 3 selected!"
time=2024-01-22T16:03:27.102+01:00 level=DEBUG source=logger.go:36 msg="Worker with ID 3 selected!"
time=2024-01-22T16:03:27.105+01:00 level=DEBUG source=logger.go:36 msg="Worker with ID 3 selected!"
time=2024-01-22T16:03:27.110+01:00 level=DEBUG source=logger.go:36 msg="Worker with ID 3 selected!"
time=2024-01-22T16:03:27.111+01:00 level=DEBUG source=logger.go:36 msg="Worker with ID 3 selected!"
time=2024-01-22T16:03:27.119+01:00 level=DEBUG source=logger.go:36 msg="Worker with ID 3 selected!"
time=2024-01-22T16:03:27.120+01:00 level=DEBUG source=logger.go:36 msg="Worker with ID 3 selected!"
time=2024-01-22T16:03:27.123+01:00 level=DEBUG source=logger.go:36 msg="Worker with ID 3 selected!"
time=2024-01-22T16:03:27.126+01:00 level=DEBUG source=logger.go:36 msg="Worker with ID 3 selected!"
time=2024-01-22T16:03:27.127+01:00 level=DEBUG source=logger.go:36 msg="Worker with ID 3 selected!"
time=2024-01-22T16:03:27.130+01:00 level=DEBUG source=logger.go:36 msg="Worker with ID 3 selected!"
time=2024-01-22T16:03:27.132+01:00 level=DEBUG source=logger.go:36 msg="Worker with ID 3 selected!"
time=2024-01-22T16:03:27.134+01:00 level=DEBUG source=logger.go:36 msg="Worker with ID 3 selected!"
time=2024-01-22T16:03:27.138+01:00 level=DEBUG source=logger.go:36 msg="Worker with ID 3 selected!"
time=2024-01-22T16:03:27.141+01:00 level=DEBUG source=logger.go:36 msg="Worker with ID 3 selected!"
time=2024-01-22T16:03:27.142+01:00 level=DEBUG source=logger.go:36 msg="Worker with ID 3 selected!"
time=2024-01-22T16:03:27.144+01:00 level=DEBUG source=logger.go:36 msg="Worker with ID 3 selected!"
time=2024-01-22T16:03:27.145+01:00 level=DEBUG source=logger.go:36 msg="Worker with ID 3 selected!"
time=2024-01-22T16:03:27.150+01:00 level=DEBUG source=logger.go:36 msg="Worker with ID 3 selected!"
time=2024-01-22T16:03:27.154+01:00 level=DEBUG source=logger.go:36 msg="Worker with ID 3 selected!"
time=2024-01-22T16:03:27.154+01:00 level=DEBUG source=logger.go:36 msg="Worker with ID 3 selected!"
time=2024-01-22T16:03:27.158+01:00 level=DEBUG source=logger.go:36 msg="Worker with ID 3 selected!"
time=2024-01-22T16:03:27.159+01:00 level=DEBUG source=logger.go:36 msg="Worker with ID 3 selected!"
